

Started GET "/websocket" for 192.168.0.10 at 2015-08-08 12:38:29 +0700

ActiveRecord::PendingMigrationError (

Migrations are pending. To resolve this issue, run:

	bin/rake db:migrate RAILS_ENV=development

):
  activerecord (4.2.1) lib/active_record/migration.rb:393:in `check_pending!'
  activerecord (4.2.1) lib/active_record/migration.rb:374:in `call'
  actionpack (4.2.1) lib/action_dispatch/middleware/callbacks.rb:29:in `block in call'
  activesupport (4.2.1) lib/active_support/callbacks.rb:88:in `call'
  activesupport (4.2.1) lib/active_support/callbacks.rb:88:in `_run_callbacks'
  activesupport (4.2.1) lib/active_support/callbacks.rb:776:in `_run_call_callbacks'
  activesupport (4.2.1) lib/active_support/callbacks.rb:81:in `run_callbacks'
  actionpack (4.2.1) lib/action_dispatch/middleware/callbacks.rb:27:in `call'
  actionpack (4.2.1) lib/action_dispatch/middleware/reloader.rb:73:in `call'
  actionpack (4.2.1) lib/action_dispatch/middleware/remote_ip.rb:78:in `call'
  actionpack (4.2.1) lib/action_dispatch/middleware/debug_exceptions.rb:17:in `call'
  actionpack (4.2.1) lib/action_dispatch/middleware/show_exceptions.rb:30:in `call'
  railties (4.2.1) lib/rails/rack/logger.rb:38:in `call_app'
  railties (4.2.1) lib/rails/rack/logger.rb:20:in `block in call'
  activesupport (4.2.1) lib/active_support/tagged_logging.rb:68:in `block in tagged'
  activesupport (4.2.1) lib/active_support/tagged_logging.rb:26:in `tagged'
  activesupport (4.2.1) lib/active_support/tagged_logging.rb:68:in `tagged'
  railties (4.2.1) lib/rails/rack/logger.rb:20:in `call'
  actionpack (4.2.1) lib/action_dispatch/middleware/request_id.rb:21:in `call'
  rack (1.6.4) lib/rack/methodoverride.rb:22:in `call'
  rack (1.6.4) lib/rack/runtime.rb:18:in `call'
  activesupport (4.2.1) lib/active_support/cache/strategy/local_cache_middleware.rb:28:in `call'
  actionpack (4.2.1) lib/action_dispatch/middleware/static.rb:113:in `call'
  rack (1.6.4) lib/rack/sendfile.rb:113:in `call'
  railties (4.2.1) lib/rails/engine.rb:518:in `call'
  railties (4.2.1) lib/rails/application.rb:164:in `call'
  thin (1.6.3) lib/thin/connection.rb:86:in `block in pre_process'
  thin (1.6.3) lib/thin/connection.rb:84:in `catch'
  thin (1.6.3) lib/thin/connection.rb:84:in `pre_process'
  thin (1.6.3) lib/thin/connection.rb:53:in `process'
  faye-websocket (0.10.0) lib/faye/adapters/thin.rb:40:in `process'
  thin (1.6.3) lib/thin/connection.rb:39:in `receive_data'
  faye-websocket (0.10.0) lib/faye/adapters/thin.rb:44:in `receive_data'
  eventmachine (1.0.7) lib/eventmachine.rb:187:in `run_machine'
  eventmachine (1.0.7) lib/eventmachine.rb:187:in `run'
  thin (1.6.3) lib/thin/backends/base.rb:73:in `start'
  thin (1.6.3) lib/thin/server.rb:162:in `start'
  thin (1.6.3) lib/thin/controllers/controller.rb:87:in `start'
  /home/vknt/.rbenv/versions/2.2.2/lib/ruby/gems/2.2.0/bundler/gems/websocket-rails-712fd4e35325/lib/rails/tasks/websocket_rails.tasks:14:in `block (3 levels) in <top (required)>'
  /home/vknt/.rbenv/versions/2.2.2/lib/ruby/gems/2.2.0/bundler/gems/websocket-rails-712fd4e35325/lib/rails/tasks/websocket_rails.tasks:13:in `fork'
  /home/vknt/.rbenv/versions/2.2.2/lib/ruby/gems/2.2.0/bundler/gems/websocket-rails-712fd4e35325/lib/rails/tasks/websocket_rails.tasks:13:in `block (2 levels) in <top (required)>'
  /home/vknt/.rbenv/versions/2.2.2/lib/ruby/2.2.0/rake/task.rb:240:in `call'
  /home/vknt/.rbenv/versions/2.2.2/lib/ruby/2.2.0/rake/task.rb:240:in `block in execute'
  /home/vknt/.rbenv/versions/2.2.2/lib/ruby/2.2.0/rake/task.rb:235:in `each'
  /home/vknt/.rbenv/versions/2.2.2/lib/ruby/2.2.0/rake/task.rb:235:in `execute'
  /home/vknt/.rbenv/versions/2.2.2/lib/ruby/2.2.0/rake/task.rb:179:in `block in invoke_with_call_chain'
  /home/vknt/.rbenv/versions/2.2.2/lib/ruby/2.2.0/monitor.rb:211:in `mon_synchronize'
  /home/vknt/.rbenv/versions/2.2.2/lib/ruby/2.2.0/rake/task.rb:172:in `invoke_with_call_chain'
  /home/vknt/.rbenv/versions/2.2.2/lib/ruby/2.2.0/rake/task.rb:165:in `invoke'
  /home/vknt/.rbenv/versions/2.2.2/lib/ruby/2.2.0/rake/application.rb:150:in `invoke_task'
  /home/vknt/.rbenv/versions/2.2.2/lib/ruby/2.2.0/rake/application.rb:106:in `block (2 levels) in top_level'
  /home/vknt/.rbenv/versions/2.2.2/lib/ruby/2.2.0/rake/application.rb:106:in `each'
  /home/vknt/.rbenv/versions/2.2.2/lib/ruby/2.2.0/rake/application.rb:106:in `block in top_level'
  /home/vknt/.rbenv/versions/2.2.2/lib/ruby/2.2.0/rake/application.rb:115:in `run_with_threads'
  /home/vknt/.rbenv/versions/2.2.2/lib/ruby/2.2.0/rake/application.rb:100:in `top_level'
  /home/vknt/.rbenv/versions/2.2.2/lib/ruby/2.2.0/rake/application.rb:78:in `block in run'
  /home/vknt/.rbenv/versions/2.2.2/lib/ruby/2.2.0/rake/application.rb:176:in `standard_exception_handling'
  /home/vknt/.rbenv/versions/2.2.2/lib/ruby/2.2.0/rake/application.rb:75:in `run'
  /home/vknt/.rbenv/versions/2.2.2/bin/rake:33:in `<main>'


  Rendered /home/vknt/.rbenv/versions/2.2.2/lib/ruby/gems/2.2.0/gems/actionpack-4.2.1/lib/action_dispatch/middleware/templates/rescues/_source.erb (3.1ms)
  Rendered /home/vknt/.rbenv/versions/2.2.2/lib/ruby/gems/2.2.0/gems/actionpack-4.2.1/lib/action_dispatch/middleware/templates/rescues/_trace.html.erb (1.5ms)
  Rendered /home/vknt/.rbenv/versions/2.2.2/lib/ruby/gems/2.2.0/gems/actionpack-4.2.1/lib/action_dispatch/middleware/templates/rescues/_request_and_response.html.erb (0.7ms)
  Rendered /home/vknt/.rbenv/versions/2.2.2/lib/ruby/gems/2.2.0/gems/actionpack-4.2.1/lib/action_dispatch/middleware/templates/rescues/diagnostics.html.erb within rescues/layout (18.6ms)


Started GET "/websocket" for 192.168.0.10 at 2015-08-08 12:46:09 +0700

ActiveRecord::PendingMigrationError (

Migrations are pending. To resolve this issue, run:

	bin/rake db:migrate RAILS_ENV=development

):
  activerecord (4.2.1) lib/active_record/migration.rb:393:in `check_pending!'
  activerecord (4.2.1) lib/active_record/migration.rb:374:in `call'
  actionpack (4.2.1) lib/action_dispatch/middleware/callbacks.rb:29:in `block in call'
  activesupport (4.2.1) lib/active_support/callbacks.rb:88:in `call'
  activesupport (4.2.1) lib/active_support/callbacks.rb:88:in `_run_callbacks'
  activesupport (4.2.1) lib/active_support/callbacks.rb:776:in `_run_call_callbacks'
  activesupport (4.2.1) lib/active_support/callbacks.rb:81:in `run_callbacks'
  actionpack (4.2.1) lib/action_dispatch/middleware/callbacks.rb:27:in `call'
  actionpack (4.2.1) lib/action_dispatch/middleware/reloader.rb:73:in `call'
  actionpack (4.2.1) lib/action_dispatch/middleware/remote_ip.rb:78:in `call'
  actionpack (4.2.1) lib/action_dispatch/middleware/debug_exceptions.rb:17:in `call'
  actionpack (4.2.1) lib/action_dispatch/middleware/show_exceptions.rb:30:in `call'
  railties (4.2.1) lib/rails/rack/logger.rb:38:in `call_app'
  railties (4.2.1) lib/rails/rack/logger.rb:20:in `block in call'
  activesupport (4.2.1) lib/active_support/tagged_logging.rb:68:in `block in tagged'
  activesupport (4.2.1) lib/active_support/tagged_logging.rb:26:in `tagged'
  activesupport (4.2.1) lib/active_support/tagged_logging.rb:68:in `tagged'
  railties (4.2.1) lib/rails/rack/logger.rb:20:in `call'
  actionpack (4.2.1) lib/action_dispatch/middleware/request_id.rb:21:in `call'
  rack (1.6.4) lib/rack/methodoverride.rb:22:in `call'
  rack (1.6.4) lib/rack/runtime.rb:18:in `call'
  activesupport (4.2.1) lib/active_support/cache/strategy/local_cache_middleware.rb:28:in `call'
  actionpack (4.2.1) lib/action_dispatch/middleware/static.rb:113:in `call'
  rack (1.6.4) lib/rack/sendfile.rb:113:in `call'
  railties (4.2.1) lib/rails/engine.rb:518:in `call'
  railties (4.2.1) lib/rails/application.rb:164:in `call'
  thin (1.6.3) lib/thin/connection.rb:86:in `block in pre_process'
  thin (1.6.3) lib/thin/connection.rb:84:in `catch'
  thin (1.6.3) lib/thin/connection.rb:84:in `pre_process'
  thin (1.6.3) lib/thin/connection.rb:53:in `process'
  faye-websocket (0.10.0) lib/faye/adapters/thin.rb:40:in `process'
  thin (1.6.3) lib/thin/connection.rb:39:in `receive_data'
  faye-websocket (0.10.0) lib/faye/adapters/thin.rb:44:in `receive_data'
  eventmachine (1.0.7) lib/eventmachine.rb:187:in `run_machine'
  eventmachine (1.0.7) lib/eventmachine.rb:187:in `run'
  thin (1.6.3) lib/thin/backends/base.rb:73:in `start'
  thin (1.6.3) lib/thin/server.rb:162:in `start'
  thin (1.6.3) lib/thin/controllers/controller.rb:87:in `start'
  /home/vknt/.rbenv/versions/2.2.2/lib/ruby/gems/2.2.0/bundler/gems/websocket-rails-712fd4e35325/lib/rails/tasks/websocket_rails.tasks:14:in `block (3 levels) in <top (required)>'
  /home/vknt/.rbenv/versions/2.2.2/lib/ruby/gems/2.2.0/bundler/gems/websocket-rails-712fd4e35325/lib/rails/tasks/websocket_rails.tasks:13:in `fork'
  /home/vknt/.rbenv/versions/2.2.2/lib/ruby/gems/2.2.0/bundler/gems/websocket-rails-712fd4e35325/lib/rails/tasks/websocket_rails.tasks:13:in `block (2 levels) in <top (required)>'
  /home/vknt/.rbenv/versions/2.2.2/lib/ruby/2.2.0/rake/task.rb:240:in `call'
  /home/vknt/.rbenv/versions/2.2.2/lib/ruby/2.2.0/rake/task.rb:240:in `block in execute'
  /home/vknt/.rbenv/versions/2.2.2/lib/ruby/2.2.0/rake/task.rb:235:in `each'
  /home/vknt/.rbenv/versions/2.2.2/lib/ruby/2.2.0/rake/task.rb:235:in `execute'
  /home/vknt/.rbenv/versions/2.2.2/lib/ruby/2.2.0/rake/task.rb:179:in `block in invoke_with_call_chain'
  /home/vknt/.rbenv/versions/2.2.2/lib/ruby/2.2.0/monitor.rb:211:in `mon_synchronize'
  /home/vknt/.rbenv/versions/2.2.2/lib/ruby/2.2.0/rake/task.rb:172:in `invoke_with_call_chain'
  /home/vknt/.rbenv/versions/2.2.2/lib/ruby/2.2.0/rake/task.rb:165:in `invoke'
  /home/vknt/.rbenv/versions/2.2.2/lib/ruby/2.2.0/rake/application.rb:150:in `invoke_task'
  /home/vknt/.rbenv/versions/2.2.2/lib/ruby/2.2.0/rake/application.rb:106:in `block (2 levels) in top_level'
  /home/vknt/.rbenv/versions/2.2.2/lib/ruby/2.2.0/rake/application.rb:106:in `each'
  /home/vknt/.rbenv/versions/2.2.2/lib/ruby/2.2.0/rake/application.rb:106:in `block in top_level'
  /home/vknt/.rbenv/versions/2.2.2/lib/ruby/2.2.0/rake/application.rb:115:in `run_with_threads'
  /home/vknt/.rbenv/versions/2.2.2/lib/ruby/2.2.0/rake/application.rb:100:in `top_level'
  /home/vknt/.rbenv/versions/2.2.2/lib/ruby/2.2.0/rake/application.rb:78:in `block in run'
  /home/vknt/.rbenv/versions/2.2.2/lib/ruby/2.2.0/rake/application.rb:176:in `standard_exception_handling'
  /home/vknt/.rbenv/versions/2.2.2/lib/ruby/2.2.0/rake/application.rb:75:in `run'
  /home/vknt/.rbenv/versions/2.2.2/bin/rake:33:in `<main>'


  Rendered /home/vknt/.rbenv/versions/2.2.2/lib/ruby/gems/2.2.0/gems/actionpack-4.2.1/lib/action_dispatch/middleware/templates/rescues/_source.erb (3.0ms)
  Rendered /home/vknt/.rbenv/versions/2.2.2/lib/ruby/gems/2.2.0/gems/actionpack-4.2.1/lib/action_dispatch/middleware/templates/rescues/_trace.html.erb (1.5ms)
  Rendered /home/vknt/.rbenv/versions/2.2.2/lib/ruby/gems/2.2.0/gems/actionpack-4.2.1/lib/action_dispatch/middleware/templates/rescues/_request_and_response.html.erb (0.6ms)
  Rendered /home/vknt/.rbenv/versions/2.2.2/lib/ruby/gems/2.2.0/gems/actionpack-4.2.1/lib/action_dispatch/middleware/templates/rescues/diagnostics.html.erb within rescues/layout (15.9ms)


Started GET "/websocket" for 192.168.0.10 at 2015-08-08 12:46:58 +0700

ActiveRecord::PendingMigrationError (

Migrations are pending. To resolve this issue, run:

	bin/rake db:migrate RAILS_ENV=development

):
  activerecord (4.2.1) lib/active_record/migration.rb:393:in `check_pending!'
  activerecord (4.2.1) lib/active_record/migration.rb:374:in `call'
  actionpack (4.2.1) lib/action_dispatch/middleware/callbacks.rb:29:in `block in call'
  activesupport (4.2.1) lib/active_support/callbacks.rb:88:in `call'
  activesupport (4.2.1) lib/active_support/callbacks.rb:88:in `_run_callbacks'
  activesupport (4.2.1) lib/active_support/callbacks.rb:776:in `_run_call_callbacks'
  activesupport (4.2.1) lib/active_support/callbacks.rb:81:in `run_callbacks'
  actionpack (4.2.1) lib/action_dispatch/middleware/callbacks.rb:27:in `call'
  actionpack (4.2.1) lib/action_dispatch/middleware/reloader.rb:73:in `call'
  actionpack (4.2.1) lib/action_dispatch/middleware/remote_ip.rb:78:in `call'
  actionpack (4.2.1) lib/action_dispatch/middleware/debug_exceptions.rb:17:in `call'
  actionpack (4.2.1) lib/action_dispatch/middleware/show_exceptions.rb:30:in `call'
  railties (4.2.1) lib/rails/rack/logger.rb:38:in `call_app'
  railties (4.2.1) lib/rails/rack/logger.rb:20:in `block in call'
  activesupport (4.2.1) lib/active_support/tagged_logging.rb:68:in `block in tagged'
  activesupport (4.2.1) lib/active_support/tagged_logging.rb:26:in `tagged'
  activesupport (4.2.1) lib/active_support/tagged_logging.rb:68:in `tagged'
  railties (4.2.1) lib/rails/rack/logger.rb:20:in `call'
  actionpack (4.2.1) lib/action_dispatch/middleware/request_id.rb:21:in `call'
  rack (1.6.4) lib/rack/methodoverride.rb:22:in `call'
  rack (1.6.4) lib/rack/runtime.rb:18:in `call'
  activesupport (4.2.1) lib/active_support/cache/strategy/local_cache_middleware.rb:28:in `call'
  actionpack (4.2.1) lib/action_dispatch/middleware/static.rb:113:in `call'
  rack (1.6.4) lib/rack/sendfile.rb:113:in `call'
  railties (4.2.1) lib/rails/engine.rb:518:in `call'
  railties (4.2.1) lib/rails/application.rb:164:in `call'
  thin (1.6.3) lib/thin/connection.rb:86:in `block in pre_process'
  thin (1.6.3) lib/thin/connection.rb:84:in `catch'
  thin (1.6.3) lib/thin/connection.rb:84:in `pre_process'
  thin (1.6.3) lib/thin/connection.rb:53:in `process'
  faye-websocket (0.10.0) lib/faye/adapters/thin.rb:40:in `process'
  thin (1.6.3) lib/thin/connection.rb:39:in `receive_data'
  faye-websocket (0.10.0) lib/faye/adapters/thin.rb:44:in `receive_data'
  eventmachine (1.0.7) lib/eventmachine.rb:187:in `run_machine'
  eventmachine (1.0.7) lib/eventmachine.rb:187:in `run'
  thin (1.6.3) lib/thin/backends/base.rb:73:in `start'
  thin (1.6.3) lib/thin/server.rb:162:in `start'
  thin (1.6.3) lib/thin/controllers/controller.rb:87:in `start'
  /home/vknt/.rbenv/versions/2.2.2/lib/ruby/gems/2.2.0/bundler/gems/websocket-rails-712fd4e35325/lib/rails/tasks/websocket_rails.tasks:14:in `block (3 levels) in <top (required)>'
  /home/vknt/.rbenv/versions/2.2.2/lib/ruby/gems/2.2.0/bundler/gems/websocket-rails-712fd4e35325/lib/rails/tasks/websocket_rails.tasks:13:in `fork'
  /home/vknt/.rbenv/versions/2.2.2/lib/ruby/gems/2.2.0/bundler/gems/websocket-rails-712fd4e35325/lib/rails/tasks/websocket_rails.tasks:13:in `block (2 levels) in <top (required)>'
  /home/vknt/.rbenv/versions/2.2.2/lib/ruby/2.2.0/rake/task.rb:240:in `call'
  /home/vknt/.rbenv/versions/2.2.2/lib/ruby/2.2.0/rake/task.rb:240:in `block in execute'
  /home/vknt/.rbenv/versions/2.2.2/lib/ruby/2.2.0/rake/task.rb:235:in `each'
  /home/vknt/.rbenv/versions/2.2.2/lib/ruby/2.2.0/rake/task.rb:235:in `execute'
  /home/vknt/.rbenv/versions/2.2.2/lib/ruby/2.2.0/rake/task.rb:179:in `block in invoke_with_call_chain'
  /home/vknt/.rbenv/versions/2.2.2/lib/ruby/2.2.0/monitor.rb:211:in `mon_synchronize'
  /home/vknt/.rbenv/versions/2.2.2/lib/ruby/2.2.0/rake/task.rb:172:in `invoke_with_call_chain'
  /home/vknt/.rbenv/versions/2.2.2/lib/ruby/2.2.0/rake/task.rb:165:in `invoke'
  /home/vknt/.rbenv/versions/2.2.2/lib/ruby/2.2.0/rake/application.rb:150:in `invoke_task'
  /home/vknt/.rbenv/versions/2.2.2/lib/ruby/2.2.0/rake/application.rb:106:in `block (2 levels) in top_level'
  /home/vknt/.rbenv/versions/2.2.2/lib/ruby/2.2.0/rake/application.rb:106:in `each'
  /home/vknt/.rbenv/versions/2.2.2/lib/ruby/2.2.0/rake/application.rb:106:in `block in top_level'
  /home/vknt/.rbenv/versions/2.2.2/lib/ruby/2.2.0/rake/application.rb:115:in `run_with_threads'
  /home/vknt/.rbenv/versions/2.2.2/lib/ruby/2.2.0/rake/application.rb:100:in `top_level'
  /home/vknt/.rbenv/versions/2.2.2/lib/ruby/2.2.0/rake/application.rb:78:in `block in run'
  /home/vknt/.rbenv/versions/2.2.2/lib/ruby/2.2.0/rake/application.rb:176:in `standard_exception_handling'
  /home/vknt/.rbenv/versions/2.2.2/lib/ruby/2.2.0/rake/application.rb:75:in `run'
  /home/vknt/.rbenv/versions/2.2.2/bin/rake:33:in `<main>'


  Rendered /home/vknt/.rbenv/versions/2.2.2/lib/ruby/gems/2.2.0/gems/actionpack-4.2.1/lib/action_dispatch/middleware/templates/rescues/_source.erb (3.0ms)
  Rendered /home/vknt/.rbenv/versions/2.2.2/lib/ruby/gems/2.2.0/gems/actionpack-4.2.1/lib/action_dispatch/middleware/templates/rescues/_trace.html.erb (1.5ms)
  Rendered /home/vknt/.rbenv/versions/2.2.2/lib/ruby/gems/2.2.0/gems/actionpack-4.2.1/lib/action_dispatch/middleware/templates/rescues/_request_and_response.html.erb (0.6ms)
  Rendered /home/vknt/.rbenv/versions/2.2.2/lib/ruby/gems/2.2.0/gems/actionpack-4.2.1/lib/action_dispatch/middleware/templates/rescues/diagnostics.html.erb within rescues/layout (15.9ms)


Started GET "/websocket" for 192.168.0.10 at 2015-08-08 12:47:11 +0700

ActiveRecord::PendingMigrationError (

Migrations are pending. To resolve this issue, run:

	bin/rake db:migrate RAILS_ENV=development

):
  activerecord (4.2.1) lib/active_record/migration.rb:393:in `check_pending!'
  activerecord (4.2.1) lib/active_record/migration.rb:374:in `call'
  actionpack (4.2.1) lib/action_dispatch/middleware/callbacks.rb:29:in `block in call'
  activesupport (4.2.1) lib/active_support/callbacks.rb:88:in `call'
  activesupport (4.2.1) lib/active_support/callbacks.rb:88:in `_run_callbacks'
  activesupport (4.2.1) lib/active_support/callbacks.rb:776:in `_run_call_callbacks'
  activesupport (4.2.1) lib/active_support/callbacks.rb:81:in `run_callbacks'
  actionpack (4.2.1) lib/action_dispatch/middleware/callbacks.rb:27:in `call'
  actionpack (4.2.1) lib/action_dispatch/middleware/reloader.rb:73:in `call'
  actionpack (4.2.1) lib/action_dispatch/middleware/remote_ip.rb:78:in `call'
  actionpack (4.2.1) lib/action_dispatch/middleware/debug_exceptions.rb:17:in `call'
  actionpack (4.2.1) lib/action_dispatch/middleware/show_exceptions.rb:30:in `call'
  railties (4.2.1) lib/rails/rack/logger.rb:38:in `call_app'
  railties (4.2.1) lib/rails/rack/logger.rb:20:in `block in call'
  activesupport (4.2.1) lib/active_support/tagged_logging.rb:68:in `block in tagged'
  activesupport (4.2.1) lib/active_support/tagged_logging.rb:26:in `tagged'
  activesupport (4.2.1) lib/active_support/tagged_logging.rb:68:in `tagged'
  railties (4.2.1) lib/rails/rack/logger.rb:20:in `call'
  actionpack (4.2.1) lib/action_dispatch/middleware/request_id.rb:21:in `call'
  rack (1.6.4) lib/rack/methodoverride.rb:22:in `call'
  rack (1.6.4) lib/rack/runtime.rb:18:in `call'
  activesupport (4.2.1) lib/active_support/cache/strategy/local_cache_middleware.rb:28:in `call'
  actionpack (4.2.1) lib/action_dispatch/middleware/static.rb:113:in `call'
  rack (1.6.4) lib/rack/sendfile.rb:113:in `call'
  railties (4.2.1) lib/rails/engine.rb:518:in `call'
  railties (4.2.1) lib/rails/application.rb:164:in `call'
  thin (1.6.3) lib/thin/connection.rb:86:in `block in pre_process'
  thin (1.6.3) lib/thin/connection.rb:84:in `catch'
  thin (1.6.3) lib/thin/connection.rb:84:in `pre_process'
  thin (1.6.3) lib/thin/connection.rb:53:in `process'
  faye-websocket (0.10.0) lib/faye/adapters/thin.rb:40:in `process'
  thin (1.6.3) lib/thin/connection.rb:39:in `receive_data'
  faye-websocket (0.10.0) lib/faye/adapters/thin.rb:44:in `receive_data'
  eventmachine (1.0.7) lib/eventmachine.rb:187:in `run_machine'
  eventmachine (1.0.7) lib/eventmachine.rb:187:in `run'
  thin (1.6.3) lib/thin/backends/base.rb:73:in `start'
  thin (1.6.3) lib/thin/server.rb:162:in `start'
  thin (1.6.3) lib/thin/controllers/controller.rb:87:in `start'
  /home/vknt/.rbenv/versions/2.2.2/lib/ruby/gems/2.2.0/bundler/gems/websocket-rails-712fd4e35325/lib/rails/tasks/websocket_rails.tasks:14:in `block (3 levels) in <top (required)>'
  /home/vknt/.rbenv/versions/2.2.2/lib/ruby/gems/2.2.0/bundler/gems/websocket-rails-712fd4e35325/lib/rails/tasks/websocket_rails.tasks:13:in `fork'
  /home/vknt/.rbenv/versions/2.2.2/lib/ruby/gems/2.2.0/bundler/gems/websocket-rails-712fd4e35325/lib/rails/tasks/websocket_rails.tasks:13:in `block (2 levels) in <top (required)>'
  /home/vknt/.rbenv/versions/2.2.2/lib/ruby/2.2.0/rake/task.rb:240:in `call'
  /home/vknt/.rbenv/versions/2.2.2/lib/ruby/2.2.0/rake/task.rb:240:in `block in execute'
  /home/vknt/.rbenv/versions/2.2.2/lib/ruby/2.2.0/rake/task.rb:235:in `each'
  /home/vknt/.rbenv/versions/2.2.2/lib/ruby/2.2.0/rake/task.rb:235:in `execute'
  /home/vknt/.rbenv/versions/2.2.2/lib/ruby/2.2.0/rake/task.rb:179:in `block in invoke_with_call_chain'
  /home/vknt/.rbenv/versions/2.2.2/lib/ruby/2.2.0/monitor.rb:211:in `mon_synchronize'
  /home/vknt/.rbenv/versions/2.2.2/lib/ruby/2.2.0/rake/task.rb:172:in `invoke_with_call_chain'
  /home/vknt/.rbenv/versions/2.2.2/lib/ruby/2.2.0/rake/task.rb:165:in `invoke'
  /home/vknt/.rbenv/versions/2.2.2/lib/ruby/2.2.0/rake/application.rb:150:in `invoke_task'
  /home/vknt/.rbenv/versions/2.2.2/lib/ruby/2.2.0/rake/application.rb:106:in `block (2 levels) in top_level'
  /home/vknt/.rbenv/versions/2.2.2/lib/ruby/2.2.0/rake/application.rb:106:in `each'
  /home/vknt/.rbenv/versions/2.2.2/lib/ruby/2.2.0/rake/application.rb:106:in `block in top_level'
  /home/vknt/.rbenv/versions/2.2.2/lib/ruby/2.2.0/rake/application.rb:115:in `run_with_threads'
  /home/vknt/.rbenv/versions/2.2.2/lib/ruby/2.2.0/rake/application.rb:100:in `top_level'
  /home/vknt/.rbenv/versions/2.2.2/lib/ruby/2.2.0/rake/application.rb:78:in `block in run'
  /home/vknt/.rbenv/versions/2.2.2/lib/ruby/2.2.0/rake/application.rb:176:in `standard_exception_handling'
  /home/vknt/.rbenv/versions/2.2.2/lib/ruby/2.2.0/rake/application.rb:75:in `run'
  /home/vknt/.rbenv/versions/2.2.2/bin/rake:33:in `<main>'


  Rendered /home/vknt/.rbenv/versions/2.2.2/lib/ruby/gems/2.2.0/gems/actionpack-4.2.1/lib/action_dispatch/middleware/templates/rescues/_source.erb (3.0ms)
  Rendered /home/vknt/.rbenv/versions/2.2.2/lib/ruby/gems/2.2.0/gems/actionpack-4.2.1/lib/action_dispatch/middleware/templates/rescues/_trace.html.erb (1.5ms)
  Rendered /home/vknt/.rbenv/versions/2.2.2/lib/ruby/gems/2.2.0/gems/actionpack-4.2.1/lib/action_dispatch/middleware/templates/rescues/_request_and_response.html.erb (0.7ms)
  Rendered /home/vknt/.rbenv/versions/2.2.2/lib/ruby/gems/2.2.0/gems/actionpack-4.2.1/lib/action_dispatch/middleware/templates/rescues/diagnostics.html.erb within rescues/layout (16.1ms)


Started GET "/websocket" for 192.168.0.10 at 2015-08-08 12:47:18 +0700

ActiveRecord::PendingMigrationError (

Migrations are pending. To resolve this issue, run:

	bin/rake db:migrate RAILS_ENV=development

):
  activerecord (4.2.1) lib/active_record/migration.rb:393:in `check_pending!'
  activerecord (4.2.1) lib/active_record/migration.rb:374:in `call'
  actionpack (4.2.1) lib/action_dispatch/middleware/callbacks.rb:29:in `block in call'
  activesupport (4.2.1) lib/active_support/callbacks.rb:88:in `call'
  activesupport (4.2.1) lib/active_support/callbacks.rb:88:in `_run_callbacks'
  activesupport (4.2.1) lib/active_support/callbacks.rb:776:in `_run_call_callbacks'
  activesupport (4.2.1) lib/active_support/callbacks.rb:81:in `run_callbacks'
  actionpack (4.2.1) lib/action_dispatch/middleware/callbacks.rb:27:in `call'
  actionpack (4.2.1) lib/action_dispatch/middleware/reloader.rb:73:in `call'
  actionpack (4.2.1) lib/action_dispatch/middleware/remote_ip.rb:78:in `call'
  actionpack (4.2.1) lib/action_dispatch/middleware/debug_exceptions.rb:17:in `call'
  actionpack (4.2.1) lib/action_dispatch/middleware/show_exceptions.rb:30:in `call'
  railties (4.2.1) lib/rails/rack/logger.rb:38:in `call_app'
  railties (4.2.1) lib/rails/rack/logger.rb:20:in `block in call'
  activesupport (4.2.1) lib/active_support/tagged_logging.rb:68:in `block in tagged'
  activesupport (4.2.1) lib/active_support/tagged_logging.rb:26:in `tagged'
  activesupport (4.2.1) lib/active_support/tagged_logging.rb:68:in `tagged'
  railties (4.2.1) lib/rails/rack/logger.rb:20:in `call'
  actionpack (4.2.1) lib/action_dispatch/middleware/request_id.rb:21:in `call'
  rack (1.6.4) lib/rack/methodoverride.rb:22:in `call'
  rack (1.6.4) lib/rack/runtime.rb:18:in `call'
  activesupport (4.2.1) lib/active_support/cache/strategy/local_cache_middleware.rb:28:in `call'
  actionpack (4.2.1) lib/action_dispatch/middleware/static.rb:113:in `call'
  rack (1.6.4) lib/rack/sendfile.rb:113:in `call'
  railties (4.2.1) lib/rails/engine.rb:518:in `call'
  railties (4.2.1) lib/rails/application.rb:164:in `call'
  thin (1.6.3) lib/thin/connection.rb:86:in `block in pre_process'
  thin (1.6.3) lib/thin/connection.rb:84:in `catch'
  thin (1.6.3) lib/thin/connection.rb:84:in `pre_process'
  thin (1.6.3) lib/thin/connection.rb:53:in `process'
  faye-websocket (0.10.0) lib/faye/adapters/thin.rb:40:in `process'
  thin (1.6.3) lib/thin/connection.rb:39:in `receive_data'
  faye-websocket (0.10.0) lib/faye/adapters/thin.rb:44:in `receive_data'
  eventmachine (1.0.7) lib/eventmachine.rb:187:in `run_machine'
  eventmachine (1.0.7) lib/eventmachine.rb:187:in `run'
  thin (1.6.3) lib/thin/backends/base.rb:73:in `start'
  thin (1.6.3) lib/thin/server.rb:162:in `start'
  thin (1.6.3) lib/thin/controllers/controller.rb:87:in `start'
  /home/vknt/.rbenv/versions/2.2.2/lib/ruby/gems/2.2.0/bundler/gems/websocket-rails-712fd4e35325/lib/rails/tasks/websocket_rails.tasks:14:in `block (3 levels) in <top (required)>'
  /home/vknt/.rbenv/versions/2.2.2/lib/ruby/gems/2.2.0/bundler/gems/websocket-rails-712fd4e35325/lib/rails/tasks/websocket_rails.tasks:13:in `fork'
  /home/vknt/.rbenv/versions/2.2.2/lib/ruby/gems/2.2.0/bundler/gems/websocket-rails-712fd4e35325/lib/rails/tasks/websocket_rails.tasks:13:in `block (2 levels) in <top (required)>'
  /home/vknt/.rbenv/versions/2.2.2/lib/ruby/2.2.0/rake/task.rb:240:in `call'
  /home/vknt/.rbenv/versions/2.2.2/lib/ruby/2.2.0/rake/task.rb:240:in `block in execute'
  /home/vknt/.rbenv/versions/2.2.2/lib/ruby/2.2.0/rake/task.rb:235:in `each'
  /home/vknt/.rbenv/versions/2.2.2/lib/ruby/2.2.0/rake/task.rb:235:in `execute'
  /home/vknt/.rbenv/versions/2.2.2/lib/ruby/2.2.0/rake/task.rb:179:in `block in invoke_with_call_chain'
  /home/vknt/.rbenv/versions/2.2.2/lib/ruby/2.2.0/monitor.rb:211:in `mon_synchronize'
  /home/vknt/.rbenv/versions/2.2.2/lib/ruby/2.2.0/rake/task.rb:172:in `invoke_with_call_chain'
  /home/vknt/.rbenv/versions/2.2.2/lib/ruby/2.2.0/rake/task.rb:165:in `invoke'
  /home/vknt/.rbenv/versions/2.2.2/lib/ruby/2.2.0/rake/application.rb:150:in `invoke_task'
  /home/vknt/.rbenv/versions/2.2.2/lib/ruby/2.2.0/rake/application.rb:106:in `block (2 levels) in top_level'
  /home/vknt/.rbenv/versions/2.2.2/lib/ruby/2.2.0/rake/application.rb:106:in `each'
  /home/vknt/.rbenv/versions/2.2.2/lib/ruby/2.2.0/rake/application.rb:106:in `block in top_level'
  /home/vknt/.rbenv/versions/2.2.2/lib/ruby/2.2.0/rake/application.rb:115:in `run_with_threads'
  /home/vknt/.rbenv/versions/2.2.2/lib/ruby/2.2.0/rake/application.rb:100:in `top_level'
  /home/vknt/.rbenv/versions/2.2.2/lib/ruby/2.2.0/rake/application.rb:78:in `block in run'
  /home/vknt/.rbenv/versions/2.2.2/lib/ruby/2.2.0/rake/application.rb:176:in `standard_exception_handling'
  /home/vknt/.rbenv/versions/2.2.2/lib/ruby/2.2.0/rake/application.rb:75:in `run'
  /home/vknt/.rbenv/versions/2.2.2/bin/rake:33:in `<main>'


  Rendered /home/vknt/.rbenv/versions/2.2.2/lib/ruby/gems/2.2.0/gems/actionpack-4.2.1/lib/action_dispatch/middleware/templates/rescues/_source.erb (3.6ms)
  Rendered /home/vknt/.rbenv/versions/2.2.2/lib/ruby/gems/2.2.0/gems/actionpack-4.2.1/lib/action_dispatch/middleware/templates/rescues/_trace.html.erb (1.7ms)
  Rendered /home/vknt/.rbenv/versions/2.2.2/lib/ruby/gems/2.2.0/gems/actionpack-4.2.1/lib/action_dispatch/middleware/templates/rescues/_request_and_response.html.erb (0.8ms)
  Rendered /home/vknt/.rbenv/versions/2.2.2/lib/ruby/gems/2.2.0/gems/actionpack-4.2.1/lib/action_dispatch/middleware/templates/rescues/diagnostics.html.erb within rescues/layout (17.3ms)


Started GET "/websocket" for 192.168.0.10 at 2015-08-08 12:48:11 +0700

ActiveRecord::PendingMigrationError (

Migrations are pending. To resolve this issue, run:

	bin/rake db:migrate RAILS_ENV=development

):
  activerecord (4.2.1) lib/active_record/migration.rb:393:in `check_pending!'
  activerecord (4.2.1) lib/active_record/migration.rb:374:in `call'
  actionpack (4.2.1) lib/action_dispatch/middleware/callbacks.rb:29:in `block in call'
  activesupport (4.2.1) lib/active_support/callbacks.rb:88:in `call'
  activesupport (4.2.1) lib/active_support/callbacks.rb:88:in `_run_callbacks'
  activesupport (4.2.1) lib/active_support/callbacks.rb:776:in `_run_call_callbacks'
  activesupport (4.2.1) lib/active_support/callbacks.rb:81:in `run_callbacks'
  actionpack (4.2.1) lib/action_dispatch/middleware/callbacks.rb:27:in `call'
  actionpack (4.2.1) lib/action_dispatch/middleware/reloader.rb:73:in `call'
  actionpack (4.2.1) lib/action_dispatch/middleware/remote_ip.rb:78:in `call'
  actionpack (4.2.1) lib/action_dispatch/middleware/debug_exceptions.rb:17:in `call'
  actionpack (4.2.1) lib/action_dispatch/middleware/show_exceptions.rb:30:in `call'
  railties (4.2.1) lib/rails/rack/logger.rb:38:in `call_app'
  railties (4.2.1) lib/rails/rack/logger.rb:20:in `block in call'
  activesupport (4.2.1) lib/active_support/tagged_logging.rb:68:in `block in tagged'
  activesupport (4.2.1) lib/active_support/tagged_logging.rb:26:in `tagged'
  activesupport (4.2.1) lib/active_support/tagged_logging.rb:68:in `tagged'
  railties (4.2.1) lib/rails/rack/logger.rb:20:in `call'
  actionpack (4.2.1) lib/action_dispatch/middleware/request_id.rb:21:in `call'
  rack (1.6.4) lib/rack/methodoverride.rb:22:in `call'
  rack (1.6.4) lib/rack/runtime.rb:18:in `call'
  activesupport (4.2.1) lib/active_support/cache/strategy/local_cache_middleware.rb:28:in `call'
  actionpack (4.2.1) lib/action_dispatch/middleware/static.rb:113:in `call'
  rack (1.6.4) lib/rack/sendfile.rb:113:in `call'
  railties (4.2.1) lib/rails/engine.rb:518:in `call'
  railties (4.2.1) lib/rails/application.rb:164:in `call'
  thin (1.6.3) lib/thin/connection.rb:86:in `block in pre_process'
  thin (1.6.3) lib/thin/connection.rb:84:in `catch'
  thin (1.6.3) lib/thin/connection.rb:84:in `pre_process'
  thin (1.6.3) lib/thin/connection.rb:53:in `process'
  faye-websocket (0.10.0) lib/faye/adapters/thin.rb:40:in `process'
  thin (1.6.3) lib/thin/connection.rb:39:in `receive_data'
  faye-websocket (0.10.0) lib/faye/adapters/thin.rb:44:in `receive_data'
  eventmachine (1.0.7) lib/eventmachine.rb:187:in `run_machine'
  eventmachine (1.0.7) lib/eventmachine.rb:187:in `run'
  thin (1.6.3) lib/thin/backends/base.rb:73:in `start'
  thin (1.6.3) lib/thin/server.rb:162:in `start'
  thin (1.6.3) lib/thin/controllers/controller.rb:87:in `start'
  /home/vknt/.rbenv/versions/2.2.2/lib/ruby/gems/2.2.0/bundler/gems/websocket-rails-712fd4e35325/lib/rails/tasks/websocket_rails.tasks:14:in `block (3 levels) in <top (required)>'
  /home/vknt/.rbenv/versions/2.2.2/lib/ruby/gems/2.2.0/bundler/gems/websocket-rails-712fd4e35325/lib/rails/tasks/websocket_rails.tasks:13:in `fork'
  /home/vknt/.rbenv/versions/2.2.2/lib/ruby/gems/2.2.0/bundler/gems/websocket-rails-712fd4e35325/lib/rails/tasks/websocket_rails.tasks:13:in `block (2 levels) in <top (required)>'
  /home/vknt/.rbenv/versions/2.2.2/lib/ruby/2.2.0/rake/task.rb:240:in `call'
  /home/vknt/.rbenv/versions/2.2.2/lib/ruby/2.2.0/rake/task.rb:240:in `block in execute'
  /home/vknt/.rbenv/versions/2.2.2/lib/ruby/2.2.0/rake/task.rb:235:in `each'
  /home/vknt/.rbenv/versions/2.2.2/lib/ruby/2.2.0/rake/task.rb:235:in `execute'
  /home/vknt/.rbenv/versions/2.2.2/lib/ruby/2.2.0/rake/task.rb:179:in `block in invoke_with_call_chain'
  /home/vknt/.rbenv/versions/2.2.2/lib/ruby/2.2.0/monitor.rb:211:in `mon_synchronize'
  /home/vknt/.rbenv/versions/2.2.2/lib/ruby/2.2.0/rake/task.rb:172:in `invoke_with_call_chain'
  /home/vknt/.rbenv/versions/2.2.2/lib/ruby/2.2.0/rake/task.rb:165:in `invoke'
  /home/vknt/.rbenv/versions/2.2.2/lib/ruby/2.2.0/rake/application.rb:150:in `invoke_task'
  /home/vknt/.rbenv/versions/2.2.2/lib/ruby/2.2.0/rake/application.rb:106:in `block (2 levels) in top_level'
  /home/vknt/.rbenv/versions/2.2.2/lib/ruby/2.2.0/rake/application.rb:106:in `each'
  /home/vknt/.rbenv/versions/2.2.2/lib/ruby/2.2.0/rake/application.rb:106:in `block in top_level'
  /home/vknt/.rbenv/versions/2.2.2/lib/ruby/2.2.0/rake/application.rb:115:in `run_with_threads'
  /home/vknt/.rbenv/versions/2.2.2/lib/ruby/2.2.0/rake/application.rb:100:in `top_level'
  /home/vknt/.rbenv/versions/2.2.2/lib/ruby/2.2.0/rake/application.rb:78:in `block in run'
  /home/vknt/.rbenv/versions/2.2.2/lib/ruby/2.2.0/rake/application.rb:176:in `standard_exception_handling'
  /home/vknt/.rbenv/versions/2.2.2/lib/ruby/2.2.0/rake/application.rb:75:in `run'
  /home/vknt/.rbenv/versions/2.2.2/bin/rake:33:in `<main>'


  Rendered /home/vknt/.rbenv/versions/2.2.2/lib/ruby/gems/2.2.0/gems/actionpack-4.2.1/lib/action_dispatch/middleware/templates/rescues/_source.erb (3.0ms)
  Rendered /home/vknt/.rbenv/versions/2.2.2/lib/ruby/gems/2.2.0/gems/actionpack-4.2.1/lib/action_dispatch/middleware/templates/rescues/_trace.html.erb (1.5ms)
  Rendered /home/vknt/.rbenv/versions/2.2.2/lib/ruby/gems/2.2.0/gems/actionpack-4.2.1/lib/action_dispatch/middleware/templates/rescues/_request_and_response.html.erb (0.6ms)
  Rendered /home/vknt/.rbenv/versions/2.2.2/lib/ruby/gems/2.2.0/gems/actionpack-4.2.1/lib/action_dispatch/middleware/templates/rescues/diagnostics.html.erb within rescues/layout (15.8ms)


Started GET "/websocket" for 192.168.0.10 at 2015-08-08 12:48:22 +0700

ActiveRecord::PendingMigrationError (

Migrations are pending. To resolve this issue, run:

	bin/rake db:migrate RAILS_ENV=development

):
  activerecord (4.2.1) lib/active_record/migration.rb:393:in `check_pending!'
  activerecord (4.2.1) lib/active_record/migration.rb:374:in `call'
  actionpack (4.2.1) lib/action_dispatch/middleware/callbacks.rb:29:in `block in call'
  activesupport (4.2.1) lib/active_support/callbacks.rb:88:in `call'
  activesupport (4.2.1) lib/active_support/callbacks.rb:88:in `_run_callbacks'
  activesupport (4.2.1) lib/active_support/callbacks.rb:776:in `_run_call_callbacks'
  activesupport (4.2.1) lib/active_support/callbacks.rb:81:in `run_callbacks'
  actionpack (4.2.1) lib/action_dispatch/middleware/callbacks.rb:27:in `call'
  actionpack (4.2.1) lib/action_dispatch/middleware/reloader.rb:73:in `call'
  actionpack (4.2.1) lib/action_dispatch/middleware/remote_ip.rb:78:in `call'
  actionpack (4.2.1) lib/action_dispatch/middleware/debug_exceptions.rb:17:in `call'
  actionpack (4.2.1) lib/action_dispatch/middleware/show_exceptions.rb:30:in `call'
  railties (4.2.1) lib/rails/rack/logger.rb:38:in `call_app'
  railties (4.2.1) lib/rails/rack/logger.rb:20:in `block in call'
  activesupport (4.2.1) lib/active_support/tagged_logging.rb:68:in `block in tagged'
  activesupport (4.2.1) lib/active_support/tagged_logging.rb:26:in `tagged'
  activesupport (4.2.1) lib/active_support/tagged_logging.rb:68:in `tagged'
  railties (4.2.1) lib/rails/rack/logger.rb:20:in `call'
  actionpack (4.2.1) lib/action_dispatch/middleware/request_id.rb:21:in `call'
  rack (1.6.4) lib/rack/methodoverride.rb:22:in `call'
  rack (1.6.4) lib/rack/runtime.rb:18:in `call'
  activesupport (4.2.1) lib/active_support/cache/strategy/local_cache_middleware.rb:28:in `call'
  actionpack (4.2.1) lib/action_dispatch/middleware/static.rb:113:in `call'
  rack (1.6.4) lib/rack/sendfile.rb:113:in `call'
  railties (4.2.1) lib/rails/engine.rb:518:in `call'
  railties (4.2.1) lib/rails/application.rb:164:in `call'
  thin (1.6.3) lib/thin/connection.rb:86:in `block in pre_process'
  thin (1.6.3) lib/thin/connection.rb:84:in `catch'
  thin (1.6.3) lib/thin/connection.rb:84:in `pre_process'
  thin (1.6.3) lib/thin/connection.rb:53:in `process'
  faye-websocket (0.10.0) lib/faye/adapters/thin.rb:40:in `process'
  thin (1.6.3) lib/thin/connection.rb:39:in `receive_data'
  faye-websocket (0.10.0) lib/faye/adapters/thin.rb:44:in `receive_data'
  eventmachine (1.0.7) lib/eventmachine.rb:187:in `run_machine'
  eventmachine (1.0.7) lib/eventmachine.rb:187:in `run'
  thin (1.6.3) lib/thin/backends/base.rb:73:in `start'
  thin (1.6.3) lib/thin/server.rb:162:in `start'
  thin (1.6.3) lib/thin/controllers/controller.rb:87:in `start'
  /home/vknt/.rbenv/versions/2.2.2/lib/ruby/gems/2.2.0/bundler/gems/websocket-rails-712fd4e35325/lib/rails/tasks/websocket_rails.tasks:14:in `block (3 levels) in <top (required)>'
  /home/vknt/.rbenv/versions/2.2.2/lib/ruby/gems/2.2.0/bundler/gems/websocket-rails-712fd4e35325/lib/rails/tasks/websocket_rails.tasks:13:in `fork'
  /home/vknt/.rbenv/versions/2.2.2/lib/ruby/gems/2.2.0/bundler/gems/websocket-rails-712fd4e35325/lib/rails/tasks/websocket_rails.tasks:13:in `block (2 levels) in <top (required)>'
  /home/vknt/.rbenv/versions/2.2.2/lib/ruby/2.2.0/rake/task.rb:240:in `call'
  /home/vknt/.rbenv/versions/2.2.2/lib/ruby/2.2.0/rake/task.rb:240:in `block in execute'
  /home/vknt/.rbenv/versions/2.2.2/lib/ruby/2.2.0/rake/task.rb:235:in `each'
  /home/vknt/.rbenv/versions/2.2.2/lib/ruby/2.2.0/rake/task.rb:235:in `execute'
  /home/vknt/.rbenv/versions/2.2.2/lib/ruby/2.2.0/rake/task.rb:179:in `block in invoke_with_call_chain'
  /home/vknt/.rbenv/versions/2.2.2/lib/ruby/2.2.0/monitor.rb:211:in `mon_synchronize'
  /home/vknt/.rbenv/versions/2.2.2/lib/ruby/2.2.0/rake/task.rb:172:in `invoke_with_call_chain'
  /home/vknt/.rbenv/versions/2.2.2/lib/ruby/2.2.0/rake/task.rb:165:in `invoke'
  /home/vknt/.rbenv/versions/2.2.2/lib/ruby/2.2.0/rake/application.rb:150:in `invoke_task'
  /home/vknt/.rbenv/versions/2.2.2/lib/ruby/2.2.0/rake/application.rb:106:in `block (2 levels) in top_level'
  /home/vknt/.rbenv/versions/2.2.2/lib/ruby/2.2.0/rake/application.rb:106:in `each'
  /home/vknt/.rbenv/versions/2.2.2/lib/ruby/2.2.0/rake/application.rb:106:in `block in top_level'
  /home/vknt/.rbenv/versions/2.2.2/lib/ruby/2.2.0/rake/application.rb:115:in `run_with_threads'
  /home/vknt/.rbenv/versions/2.2.2/lib/ruby/2.2.0/rake/application.rb:100:in `top_level'
  /home/vknt/.rbenv/versions/2.2.2/lib/ruby/2.2.0/rake/application.rb:78:in `block in run'
  /home/vknt/.rbenv/versions/2.2.2/lib/ruby/2.2.0/rake/application.rb:176:in `standard_exception_handling'
  /home/vknt/.rbenv/versions/2.2.2/lib/ruby/2.2.0/rake/application.rb:75:in `run'
  /home/vknt/.rbenv/versions/2.2.2/bin/rake:33:in `<main>'


  Rendered /home/vknt/.rbenv/versions/2.2.2/lib/ruby/gems/2.2.0/gems/actionpack-4.2.1/lib/action_dispatch/middleware/templates/rescues/_source.erb (3.1ms)
  Rendered /home/vknt/.rbenv/versions/2.2.2/lib/ruby/gems/2.2.0/gems/actionpack-4.2.1/lib/action_dispatch/middleware/templates/rescues/_trace.html.erb (1.6ms)
  Rendered /home/vknt/.rbenv/versions/2.2.2/lib/ruby/gems/2.2.0/gems/actionpack-4.2.1/lib/action_dispatch/middleware/templates/rescues/_request_and_response.html.erb (0.7ms)
  Rendered /home/vknt/.rbenv/versions/2.2.2/lib/ruby/gems/2.2.0/gems/actionpack-4.2.1/lib/action_dispatch/middleware/templates/rescues/diagnostics.html.erb within rescues/layout (16.1ms)


Started GET "/websocket" for 192.168.0.10 at 2015-08-08 12:49:12 +0700

ActiveRecord::PendingMigrationError (

Migrations are pending. To resolve this issue, run:

	bin/rake db:migrate RAILS_ENV=development

):
  activerecord (4.2.1) lib/active_record/migration.rb:393:in `check_pending!'
  activerecord (4.2.1) lib/active_record/migration.rb:374:in `call'
  actionpack (4.2.1) lib/action_dispatch/middleware/callbacks.rb:29:in `block in call'
  activesupport (4.2.1) lib/active_support/callbacks.rb:88:in `call'
  activesupport (4.2.1) lib/active_support/callbacks.rb:88:in `_run_callbacks'
  activesupport (4.2.1) lib/active_support/callbacks.rb:776:in `_run_call_callbacks'
  activesupport (4.2.1) lib/active_support/callbacks.rb:81:in `run_callbacks'
  actionpack (4.2.1) lib/action_dispatch/middleware/callbacks.rb:27:in `call'
  actionpack (4.2.1) lib/action_dispatch/middleware/reloader.rb:73:in `call'
  actionpack (4.2.1) lib/action_dispatch/middleware/remote_ip.rb:78:in `call'
  actionpack (4.2.1) lib/action_dispatch/middleware/debug_exceptions.rb:17:in `call'
  actionpack (4.2.1) lib/action_dispatch/middleware/show_exceptions.rb:30:in `call'
  railties (4.2.1) lib/rails/rack/logger.rb:38:in `call_app'
  railties (4.2.1) lib/rails/rack/logger.rb:20:in `block in call'
  activesupport (4.2.1) lib/active_support/tagged_logging.rb:68:in `block in tagged'
  activesupport (4.2.1) lib/active_support/tagged_logging.rb:26:in `tagged'
  activesupport (4.2.1) lib/active_support/tagged_logging.rb:68:in `tagged'
  railties (4.2.1) lib/rails/rack/logger.rb:20:in `call'
  actionpack (4.2.1) lib/action_dispatch/middleware/request_id.rb:21:in `call'
  rack (1.6.4) lib/rack/methodoverride.rb:22:in `call'
  rack (1.6.4) lib/rack/runtime.rb:18:in `call'
  activesupport (4.2.1) lib/active_support/cache/strategy/local_cache_middleware.rb:28:in `call'
  actionpack (4.2.1) lib/action_dispatch/middleware/static.rb:113:in `call'
  rack (1.6.4) lib/rack/sendfile.rb:113:in `call'
  railties (4.2.1) lib/rails/engine.rb:518:in `call'
  railties (4.2.1) lib/rails/application.rb:164:in `call'
  thin (1.6.3) lib/thin/connection.rb:86:in `block in pre_process'
  thin (1.6.3) lib/thin/connection.rb:84:in `catch'
  thin (1.6.3) lib/thin/connection.rb:84:in `pre_process'
  thin (1.6.3) lib/thin/connection.rb:53:in `process'
  faye-websocket (0.10.0) lib/faye/adapters/thin.rb:40:in `process'
  thin (1.6.3) lib/thin/connection.rb:39:in `receive_data'
  faye-websocket (0.10.0) lib/faye/adapters/thin.rb:44:in `receive_data'
  eventmachine (1.0.7) lib/eventmachine.rb:187:in `run_machine'
  eventmachine (1.0.7) lib/eventmachine.rb:187:in `run'
  thin (1.6.3) lib/thin/backends/base.rb:73:in `start'
  thin (1.6.3) lib/thin/server.rb:162:in `start'
  thin (1.6.3) lib/thin/controllers/controller.rb:87:in `start'
  /home/vknt/.rbenv/versions/2.2.2/lib/ruby/gems/2.2.0/bundler/gems/websocket-rails-712fd4e35325/lib/rails/tasks/websocket_rails.tasks:14:in `block (3 levels) in <top (required)>'
  /home/vknt/.rbenv/versions/2.2.2/lib/ruby/gems/2.2.0/bundler/gems/websocket-rails-712fd4e35325/lib/rails/tasks/websocket_rails.tasks:13:in `fork'
  /home/vknt/.rbenv/versions/2.2.2/lib/ruby/gems/2.2.0/bundler/gems/websocket-rails-712fd4e35325/lib/rails/tasks/websocket_rails.tasks:13:in `block (2 levels) in <top (required)>'
  /home/vknt/.rbenv/versions/2.2.2/lib/ruby/2.2.0/rake/task.rb:240:in `call'
  /home/vknt/.rbenv/versions/2.2.2/lib/ruby/2.2.0/rake/task.rb:240:in `block in execute'
  /home/vknt/.rbenv/versions/2.2.2/lib/ruby/2.2.0/rake/task.rb:235:in `each'
  /home/vknt/.rbenv/versions/2.2.2/lib/ruby/2.2.0/rake/task.rb:235:in `execute'
  /home/vknt/.rbenv/versions/2.2.2/lib/ruby/2.2.0/rake/task.rb:179:in `block in invoke_with_call_chain'
  /home/vknt/.rbenv/versions/2.2.2/lib/ruby/2.2.0/monitor.rb:211:in `mon_synchronize'
  /home/vknt/.rbenv/versions/2.2.2/lib/ruby/2.2.0/rake/task.rb:172:in `invoke_with_call_chain'
  /home/vknt/.rbenv/versions/2.2.2/lib/ruby/2.2.0/rake/task.rb:165:in `invoke'
  /home/vknt/.rbenv/versions/2.2.2/lib/ruby/2.2.0/rake/application.rb:150:in `invoke_task'
  /home/vknt/.rbenv/versions/2.2.2/lib/ruby/2.2.0/rake/application.rb:106:in `block (2 levels) in top_level'
  /home/vknt/.rbenv/versions/2.2.2/lib/ruby/2.2.0/rake/application.rb:106:in `each'
  /home/vknt/.rbenv/versions/2.2.2/lib/ruby/2.2.0/rake/application.rb:106:in `block in top_level'
  /home/vknt/.rbenv/versions/2.2.2/lib/ruby/2.2.0/rake/application.rb:115:in `run_with_threads'
  /home/vknt/.rbenv/versions/2.2.2/lib/ruby/2.2.0/rake/application.rb:100:in `top_level'
  /home/vknt/.rbenv/versions/2.2.2/lib/ruby/2.2.0/rake/application.rb:78:in `block in run'
  /home/vknt/.rbenv/versions/2.2.2/lib/ruby/2.2.0/rake/application.rb:176:in `standard_exception_handling'
  /home/vknt/.rbenv/versions/2.2.2/lib/ruby/2.2.0/rake/application.rb:75:in `run'
  /home/vknt/.rbenv/versions/2.2.2/bin/rake:33:in `<main>'


  Rendered /home/vknt/.rbenv/versions/2.2.2/lib/ruby/gems/2.2.0/gems/actionpack-4.2.1/lib/action_dispatch/middleware/templates/rescues/_source.erb (3.0ms)
  Rendered /home/vknt/.rbenv/versions/2.2.2/lib/ruby/gems/2.2.0/gems/actionpack-4.2.1/lib/action_dispatch/middleware/templates/rescues/_trace.html.erb (1.4ms)
  Rendered /home/vknt/.rbenv/versions/2.2.2/lib/ruby/gems/2.2.0/gems/actionpack-4.2.1/lib/action_dispatch/middleware/templates/rescues/_request_and_response.html.erb (0.6ms)
  Rendered /home/vknt/.rbenv/versions/2.2.2/lib/ruby/gems/2.2.0/gems/actionpack-4.2.1/lib/action_dispatch/middleware/templates/rescues/diagnostics.html.erb within rescues/layout (15.6ms)


Started GET "/websocket" for 192.168.0.10 at 2015-08-08 12:49:21 +0700

ActiveRecord::PendingMigrationError (

Migrations are pending. To resolve this issue, run:

	bin/rake db:migrate RAILS_ENV=development

):
  activerecord (4.2.1) lib/active_record/migration.rb:393:in `check_pending!'
  activerecord (4.2.1) lib/active_record/migration.rb:374:in `call'
  actionpack (4.2.1) lib/action_dispatch/middleware/callbacks.rb:29:in `block in call'
  activesupport (4.2.1) lib/active_support/callbacks.rb:88:in `call'
  activesupport (4.2.1) lib/active_support/callbacks.rb:88:in `_run_callbacks'
  activesupport (4.2.1) lib/active_support/callbacks.rb:776:in `_run_call_callbacks'
  activesupport (4.2.1) lib/active_support/callbacks.rb:81:in `run_callbacks'
  actionpack (4.2.1) lib/action_dispatch/middleware/callbacks.rb:27:in `call'
  actionpack (4.2.1) lib/action_dispatch/middleware/reloader.rb:73:in `call'
  actionpack (4.2.1) lib/action_dispatch/middleware/remote_ip.rb:78:in `call'
  actionpack (4.2.1) lib/action_dispatch/middleware/debug_exceptions.rb:17:in `call'
  actionpack (4.2.1) lib/action_dispatch/middleware/show_exceptions.rb:30:in `call'
  railties (4.2.1) lib/rails/rack/logger.rb:38:in `call_app'
  railties (4.2.1) lib/rails/rack/logger.rb:20:in `block in call'
  activesupport (4.2.1) lib/active_support/tagged_logging.rb:68:in `block in tagged'
  activesupport (4.2.1) lib/active_support/tagged_logging.rb:26:in `tagged'
  activesupport (4.2.1) lib/active_support/tagged_logging.rb:68:in `tagged'
  railties (4.2.1) lib/rails/rack/logger.rb:20:in `call'
  actionpack (4.2.1) lib/action_dispatch/middleware/request_id.rb:21:in `call'
  rack (1.6.4) lib/rack/methodoverride.rb:22:in `call'
  rack (1.6.4) lib/rack/runtime.rb:18:in `call'
  activesupport (4.2.1) lib/active_support/cache/strategy/local_cache_middleware.rb:28:in `call'
  actionpack (4.2.1) lib/action_dispatch/middleware/static.rb:113:in `call'
  rack (1.6.4) lib/rack/sendfile.rb:113:in `call'
  railties (4.2.1) lib/rails/engine.rb:518:in `call'
  railties (4.2.1) lib/rails/application.rb:164:in `call'
  thin (1.6.3) lib/thin/connection.rb:86:in `block in pre_process'
  thin (1.6.3) lib/thin/connection.rb:84:in `catch'
  thin (1.6.3) lib/thin/connection.rb:84:in `pre_process'
  thin (1.6.3) lib/thin/connection.rb:53:in `process'
  faye-websocket (0.10.0) lib/faye/adapters/thin.rb:40:in `process'
  thin (1.6.3) lib/thin/connection.rb:39:in `receive_data'
  faye-websocket (0.10.0) lib/faye/adapters/thin.rb:44:in `receive_data'
  eventmachine (1.0.7) lib/eventmachine.rb:187:in `run_machine'
  eventmachine (1.0.7) lib/eventmachine.rb:187:in `run'
  thin (1.6.3) lib/thin/backends/base.rb:73:in `start'
  thin (1.6.3) lib/thin/server.rb:162:in `start'
  thin (1.6.3) lib/thin/controllers/controller.rb:87:in `start'
  /home/vknt/.rbenv/versions/2.2.2/lib/ruby/gems/2.2.0/bundler/gems/websocket-rails-712fd4e35325/lib/rails/tasks/websocket_rails.tasks:14:in `block (3 levels) in <top (required)>'
  /home/vknt/.rbenv/versions/2.2.2/lib/ruby/gems/2.2.0/bundler/gems/websocket-rails-712fd4e35325/lib/rails/tasks/websocket_rails.tasks:13:in `fork'
  /home/vknt/.rbenv/versions/2.2.2/lib/ruby/gems/2.2.0/bundler/gems/websocket-rails-712fd4e35325/lib/rails/tasks/websocket_rails.tasks:13:in `block (2 levels) in <top (required)>'
  /home/vknt/.rbenv/versions/2.2.2/lib/ruby/2.2.0/rake/task.rb:240:in `call'
  /home/vknt/.rbenv/versions/2.2.2/lib/ruby/2.2.0/rake/task.rb:240:in `block in execute'
  /home/vknt/.rbenv/versions/2.2.2/lib/ruby/2.2.0/rake/task.rb:235:in `each'
  /home/vknt/.rbenv/versions/2.2.2/lib/ruby/2.2.0/rake/task.rb:235:in `execute'
  /home/vknt/.rbenv/versions/2.2.2/lib/ruby/2.2.0/rake/task.rb:179:in `block in invoke_with_call_chain'
  /home/vknt/.rbenv/versions/2.2.2/lib/ruby/2.2.0/monitor.rb:211:in `mon_synchronize'
  /home/vknt/.rbenv/versions/2.2.2/lib/ruby/2.2.0/rake/task.rb:172:in `invoke_with_call_chain'
  /home/vknt/.rbenv/versions/2.2.2/lib/ruby/2.2.0/rake/task.rb:165:in `invoke'
  /home/vknt/.rbenv/versions/2.2.2/lib/ruby/2.2.0/rake/application.rb:150:in `invoke_task'
  /home/vknt/.rbenv/versions/2.2.2/lib/ruby/2.2.0/rake/application.rb:106:in `block (2 levels) in top_level'
  /home/vknt/.rbenv/versions/2.2.2/lib/ruby/2.2.0/rake/application.rb:106:in `each'
  /home/vknt/.rbenv/versions/2.2.2/lib/ruby/2.2.0/rake/application.rb:106:in `block in top_level'
  /home/vknt/.rbenv/versions/2.2.2/lib/ruby/2.2.0/rake/application.rb:115:in `run_with_threads'
  /home/vknt/.rbenv/versions/2.2.2/lib/ruby/2.2.0/rake/application.rb:100:in `top_level'
  /home/vknt/.rbenv/versions/2.2.2/lib/ruby/2.2.0/rake/application.rb:78:in `block in run'
  /home/vknt/.rbenv/versions/2.2.2/lib/ruby/2.2.0/rake/application.rb:176:in `standard_exception_handling'
  /home/vknt/.rbenv/versions/2.2.2/lib/ruby/2.2.0/rake/application.rb:75:in `run'
  /home/vknt/.rbenv/versions/2.2.2/bin/rake:33:in `<main>'


  Rendered /home/vknt/.rbenv/versions/2.2.2/lib/ruby/gems/2.2.0/gems/actionpack-4.2.1/lib/action_dispatch/middleware/templates/rescues/_source.erb (3.0ms)
  Rendered /home/vknt/.rbenv/versions/2.2.2/lib/ruby/gems/2.2.0/gems/actionpack-4.2.1/lib/action_dispatch/middleware/templates/rescues/_trace.html.erb (1.5ms)
  Rendered /home/vknt/.rbenv/versions/2.2.2/lib/ruby/gems/2.2.0/gems/actionpack-4.2.1/lib/action_dispatch/middleware/templates/rescues/_request_and_response.html.erb (0.7ms)
  Rendered /home/vknt/.rbenv/versions/2.2.2/lib/ruby/gems/2.2.0/gems/actionpack-4.2.1/lib/action_dispatch/middleware/templates/rescues/diagnostics.html.erb within rescues/layout (15.9ms)


Started GET "/websocket" for 192.168.0.10 at 2015-08-08 12:49:26 +0700

ActiveRecord::PendingMigrationError (

Migrations are pending. To resolve this issue, run:

	bin/rake db:migrate RAILS_ENV=development

):
  activerecord (4.2.1) lib/active_record/migration.rb:393:in `check_pending!'
  activerecord (4.2.1) lib/active_record/migration.rb:374:in `call'
  actionpack (4.2.1) lib/action_dispatch/middleware/callbacks.rb:29:in `block in call'
  activesupport (4.2.1) lib/active_support/callbacks.rb:88:in `call'
  activesupport (4.2.1) lib/active_support/callbacks.rb:88:in `_run_callbacks'
  activesupport (4.2.1) lib/active_support/callbacks.rb:776:in `_run_call_callbacks'
  activesupport (4.2.1) lib/active_support/callbacks.rb:81:in `run_callbacks'
  actionpack (4.2.1) lib/action_dispatch/middleware/callbacks.rb:27:in `call'
  actionpack (4.2.1) lib/action_dispatch/middleware/reloader.rb:73:in `call'
  actionpack (4.2.1) lib/action_dispatch/middleware/remote_ip.rb:78:in `call'
  actionpack (4.2.1) lib/action_dispatch/middleware/debug_exceptions.rb:17:in `call'
  actionpack (4.2.1) lib/action_dispatch/middleware/show_exceptions.rb:30:in `call'
  railties (4.2.1) lib/rails/rack/logger.rb:38:in `call_app'
  railties (4.2.1) lib/rails/rack/logger.rb:20:in `block in call'
  activesupport (4.2.1) lib/active_support/tagged_logging.rb:68:in `block in tagged'
  activesupport (4.2.1) lib/active_support/tagged_logging.rb:26:in `tagged'
  activesupport (4.2.1) lib/active_support/tagged_logging.rb:68:in `tagged'
  railties (4.2.1) lib/rails/rack/logger.rb:20:in `call'
  actionpack (4.2.1) lib/action_dispatch/middleware/request_id.rb:21:in `call'
  rack (1.6.4) lib/rack/methodoverride.rb:22:in `call'
  rack (1.6.4) lib/rack/runtime.rb:18:in `call'
  activesupport (4.2.1) lib/active_support/cache/strategy/local_cache_middleware.rb:28:in `call'
  actionpack (4.2.1) lib/action_dispatch/middleware/static.rb:113:in `call'
  rack (1.6.4) lib/rack/sendfile.rb:113:in `call'
  railties (4.2.1) lib/rails/engine.rb:518:in `call'
  railties (4.2.1) lib/rails/application.rb:164:in `call'
  thin (1.6.3) lib/thin/connection.rb:86:in `block in pre_process'
  thin (1.6.3) lib/thin/connection.rb:84:in `catch'
  thin (1.6.3) lib/thin/connection.rb:84:in `pre_process'
  thin (1.6.3) lib/thin/connection.rb:53:in `process'
  faye-websocket (0.10.0) lib/faye/adapters/thin.rb:40:in `process'
  thin (1.6.3) lib/thin/connection.rb:39:in `receive_data'
  faye-websocket (0.10.0) lib/faye/adapters/thin.rb:44:in `receive_data'
  eventmachine (1.0.7) lib/eventmachine.rb:187:in `run_machine'
  eventmachine (1.0.7) lib/eventmachine.rb:187:in `run'
  thin (1.6.3) lib/thin/backends/base.rb:73:in `start'
  thin (1.6.3) lib/thin/server.rb:162:in `start'
  thin (1.6.3) lib/thin/controllers/controller.rb:87:in `start'
  /home/vknt/.rbenv/versions/2.2.2/lib/ruby/gems/2.2.0/bundler/gems/websocket-rails-712fd4e35325/lib/rails/tasks/websocket_rails.tasks:14:in `block (3 levels) in <top (required)>'
  /home/vknt/.rbenv/versions/2.2.2/lib/ruby/gems/2.2.0/bundler/gems/websocket-rails-712fd4e35325/lib/rails/tasks/websocket_rails.tasks:13:in `fork'
  /home/vknt/.rbenv/versions/2.2.2/lib/ruby/gems/2.2.0/bundler/gems/websocket-rails-712fd4e35325/lib/rails/tasks/websocket_rails.tasks:13:in `block (2 levels) in <top (required)>'
  /home/vknt/.rbenv/versions/2.2.2/lib/ruby/2.2.0/rake/task.rb:240:in `call'
  /home/vknt/.rbenv/versions/2.2.2/lib/ruby/2.2.0/rake/task.rb:240:in `block in execute'
  /home/vknt/.rbenv/versions/2.2.2/lib/ruby/2.2.0/rake/task.rb:235:in `each'
  /home/vknt/.rbenv/versions/2.2.2/lib/ruby/2.2.0/rake/task.rb:235:in `execute'
  /home/vknt/.rbenv/versions/2.2.2/lib/ruby/2.2.0/rake/task.rb:179:in `block in invoke_with_call_chain'
  /home/vknt/.rbenv/versions/2.2.2/lib/ruby/2.2.0/monitor.rb:211:in `mon_synchronize'
  /home/vknt/.rbenv/versions/2.2.2/lib/ruby/2.2.0/rake/task.rb:172:in `invoke_with_call_chain'
  /home/vknt/.rbenv/versions/2.2.2/lib/ruby/2.2.0/rake/task.rb:165:in `invoke'
  /home/vknt/.rbenv/versions/2.2.2/lib/ruby/2.2.0/rake/application.rb:150:in `invoke_task'
  /home/vknt/.rbenv/versions/2.2.2/lib/ruby/2.2.0/rake/application.rb:106:in `block (2 levels) in top_level'
  /home/vknt/.rbenv/versions/2.2.2/lib/ruby/2.2.0/rake/application.rb:106:in `each'
  /home/vknt/.rbenv/versions/2.2.2/lib/ruby/2.2.0/rake/application.rb:106:in `block in top_level'
  /home/vknt/.rbenv/versions/2.2.2/lib/ruby/2.2.0/rake/application.rb:115:in `run_with_threads'
  /home/vknt/.rbenv/versions/2.2.2/lib/ruby/2.2.0/rake/application.rb:100:in `top_level'
  /home/vknt/.rbenv/versions/2.2.2/lib/ruby/2.2.0/rake/application.rb:78:in `block in run'
  /home/vknt/.rbenv/versions/2.2.2/lib/ruby/2.2.0/rake/application.rb:176:in `standard_exception_handling'
  /home/vknt/.rbenv/versions/2.2.2/lib/ruby/2.2.0/rake/application.rb:75:in `run'
  /home/vknt/.rbenv/versions/2.2.2/bin/rake:33:in `<main>'


  Rendered /home/vknt/.rbenv/versions/2.2.2/lib/ruby/gems/2.2.0/gems/actionpack-4.2.1/lib/action_dispatch/middleware/templates/rescues/_source.erb (3.6ms)
  Rendered /home/vknt/.rbenv/versions/2.2.2/lib/ruby/gems/2.2.0/gems/actionpack-4.2.1/lib/action_dispatch/middleware/templates/rescues/_trace.html.erb (1.8ms)
  Rendered /home/vknt/.rbenv/versions/2.2.2/lib/ruby/gems/2.2.0/gems/actionpack-4.2.1/lib/action_dispatch/middleware/templates/rescues/_request_and_response.html.erb (0.7ms)
  Rendered /home/vknt/.rbenv/versions/2.2.2/lib/ruby/gems/2.2.0/gems/actionpack-4.2.1/lib/action_dispatch/middleware/templates/rescues/diagnostics.html.erb within rescues/layout (17.0ms)


Started GET "/websocket" for 192.168.0.10 at 2015-08-08 12:49:48 +0700

ActiveRecord::PendingMigrationError (

Migrations are pending. To resolve this issue, run:

	bin/rake db:migrate RAILS_ENV=development

):
  activerecord (4.2.1) lib/active_record/migration.rb:393:in `check_pending!'
  activerecord (4.2.1) lib/active_record/migration.rb:374:in `call'
  actionpack (4.2.1) lib/action_dispatch/middleware/callbacks.rb:29:in `block in call'
  activesupport (4.2.1) lib/active_support/callbacks.rb:88:in `call'
  activesupport (4.2.1) lib/active_support/callbacks.rb:88:in `_run_callbacks'
  activesupport (4.2.1) lib/active_support/callbacks.rb:776:in `_run_call_callbacks'
  activesupport (4.2.1) lib/active_support/callbacks.rb:81:in `run_callbacks'
  actionpack (4.2.1) lib/action_dispatch/middleware/callbacks.rb:27:in `call'
  actionpack (4.2.1) lib/action_dispatch/middleware/reloader.rb:73:in `call'
  actionpack (4.2.1) lib/action_dispatch/middleware/remote_ip.rb:78:in `call'
  actionpack (4.2.1) lib/action_dispatch/middleware/debug_exceptions.rb:17:in `call'
  actionpack (4.2.1) lib/action_dispatch/middleware/show_exceptions.rb:30:in `call'
  railties (4.2.1) lib/rails/rack/logger.rb:38:in `call_app'
  railties (4.2.1) lib/rails/rack/logger.rb:20:in `block in call'
  activesupport (4.2.1) lib/active_support/tagged_logging.rb:68:in `block in tagged'
  activesupport (4.2.1) lib/active_support/tagged_logging.rb:26:in `tagged'
  activesupport (4.2.1) lib/active_support/tagged_logging.rb:68:in `tagged'
  railties (4.2.1) lib/rails/rack/logger.rb:20:in `call'
  actionpack (4.2.1) lib/action_dispatch/middleware/request_id.rb:21:in `call'
  rack (1.6.4) lib/rack/methodoverride.rb:22:in `call'
  rack (1.6.4) lib/rack/runtime.rb:18:in `call'
  activesupport (4.2.1) lib/active_support/cache/strategy/local_cache_middleware.rb:28:in `call'
  actionpack (4.2.1) lib/action_dispatch/middleware/static.rb:113:in `call'
  rack (1.6.4) lib/rack/sendfile.rb:113:in `call'
  railties (4.2.1) lib/rails/engine.rb:518:in `call'
  railties (4.2.1) lib/rails/application.rb:164:in `call'
  thin (1.6.3) lib/thin/connection.rb:86:in `block in pre_process'
  thin (1.6.3) lib/thin/connection.rb:84:in `catch'
  thin (1.6.3) lib/thin/connection.rb:84:in `pre_process'
  thin (1.6.3) lib/thin/connection.rb:53:in `process'
  faye-websocket (0.10.0) lib/faye/adapters/thin.rb:40:in `process'
  thin (1.6.3) lib/thin/connection.rb:39:in `receive_data'
  faye-websocket (0.10.0) lib/faye/adapters/thin.rb:44:in `receive_data'
  eventmachine (1.0.7) lib/eventmachine.rb:187:in `run_machine'
  eventmachine (1.0.7) lib/eventmachine.rb:187:in `run'
  thin (1.6.3) lib/thin/backends/base.rb:73:in `start'
  thin (1.6.3) lib/thin/server.rb:162:in `start'
  thin (1.6.3) lib/thin/controllers/controller.rb:87:in `start'
  /home/vknt/.rbenv/versions/2.2.2/lib/ruby/gems/2.2.0/bundler/gems/websocket-rails-712fd4e35325/lib/rails/tasks/websocket_rails.tasks:14:in `block (3 levels) in <top (required)>'
  /home/vknt/.rbenv/versions/2.2.2/lib/ruby/gems/2.2.0/bundler/gems/websocket-rails-712fd4e35325/lib/rails/tasks/websocket_rails.tasks:13:in `fork'
  /home/vknt/.rbenv/versions/2.2.2/lib/ruby/gems/2.2.0/bundler/gems/websocket-rails-712fd4e35325/lib/rails/tasks/websocket_rails.tasks:13:in `block (2 levels) in <top (required)>'
  /home/vknt/.rbenv/versions/2.2.2/lib/ruby/2.2.0/rake/task.rb:240:in `call'
  /home/vknt/.rbenv/versions/2.2.2/lib/ruby/2.2.0/rake/task.rb:240:in `block in execute'
  /home/vknt/.rbenv/versions/2.2.2/lib/ruby/2.2.0/rake/task.rb:235:in `each'
  /home/vknt/.rbenv/versions/2.2.2/lib/ruby/2.2.0/rake/task.rb:235:in `execute'
  /home/vknt/.rbenv/versions/2.2.2/lib/ruby/2.2.0/rake/task.rb:179:in `block in invoke_with_call_chain'
  /home/vknt/.rbenv/versions/2.2.2/lib/ruby/2.2.0/monitor.rb:211:in `mon_synchronize'
  /home/vknt/.rbenv/versions/2.2.2/lib/ruby/2.2.0/rake/task.rb:172:in `invoke_with_call_chain'
  /home/vknt/.rbenv/versions/2.2.2/lib/ruby/2.2.0/rake/task.rb:165:in `invoke'
  /home/vknt/.rbenv/versions/2.2.2/lib/ruby/2.2.0/rake/application.rb:150:in `invoke_task'
  /home/vknt/.rbenv/versions/2.2.2/lib/ruby/2.2.0/rake/application.rb:106:in `block (2 levels) in top_level'
  /home/vknt/.rbenv/versions/2.2.2/lib/ruby/2.2.0/rake/application.rb:106:in `each'
  /home/vknt/.rbenv/versions/2.2.2/lib/ruby/2.2.0/rake/application.rb:106:in `block in top_level'
  /home/vknt/.rbenv/versions/2.2.2/lib/ruby/2.2.0/rake/application.rb:115:in `run_with_threads'
  /home/vknt/.rbenv/versions/2.2.2/lib/ruby/2.2.0/rake/application.rb:100:in `top_level'
  /home/vknt/.rbenv/versions/2.2.2/lib/ruby/2.2.0/rake/application.rb:78:in `block in run'
  /home/vknt/.rbenv/versions/2.2.2/lib/ruby/2.2.0/rake/application.rb:176:in `standard_exception_handling'
  /home/vknt/.rbenv/versions/2.2.2/lib/ruby/2.2.0/rake/application.rb:75:in `run'
  /home/vknt/.rbenv/versions/2.2.2/bin/rake:33:in `<main>'


  Rendered /home/vknt/.rbenv/versions/2.2.2/lib/ruby/gems/2.2.0/gems/actionpack-4.2.1/lib/action_dispatch/middleware/templates/rescues/_source.erb (3.0ms)
  Rendered /home/vknt/.rbenv/versions/2.2.2/lib/ruby/gems/2.2.0/gems/actionpack-4.2.1/lib/action_dispatch/middleware/templates/rescues/_trace.html.erb (1.6ms)
  Rendered /home/vknt/.rbenv/versions/2.2.2/lib/ruby/gems/2.2.0/gems/actionpack-4.2.1/lib/action_dispatch/middleware/templates/rescues/_request_and_response.html.erb (0.7ms)
  Rendered /home/vknt/.rbenv/versions/2.2.2/lib/ruby/gems/2.2.0/gems/actionpack-4.2.1/lib/action_dispatch/middleware/templates/rescues/diagnostics.html.erb within rescues/layout (16.0ms)


Started GET "/websocket" for 192.168.0.10 at 2015-08-08 12:50:36 +0700

ActiveRecord::PendingMigrationError (

Migrations are pending. To resolve this issue, run:

	bin/rake db:migrate RAILS_ENV=development

):
  activerecord (4.2.1) lib/active_record/migration.rb:393:in `check_pending!'
  activerecord (4.2.1) lib/active_record/migration.rb:374:in `call'
  actionpack (4.2.1) lib/action_dispatch/middleware/callbacks.rb:29:in `block in call'
  activesupport (4.2.1) lib/active_support/callbacks.rb:88:in `call'
  activesupport (4.2.1) lib/active_support/callbacks.rb:88:in `_run_callbacks'
  activesupport (4.2.1) lib/active_support/callbacks.rb:776:in `_run_call_callbacks'
  activesupport (4.2.1) lib/active_support/callbacks.rb:81:in `run_callbacks'
  actionpack (4.2.1) lib/action_dispatch/middleware/callbacks.rb:27:in `call'
  actionpack (4.2.1) lib/action_dispatch/middleware/reloader.rb:73:in `call'
  actionpack (4.2.1) lib/action_dispatch/middleware/remote_ip.rb:78:in `call'
  actionpack (4.2.1) lib/action_dispatch/middleware/debug_exceptions.rb:17:in `call'
  actionpack (4.2.1) lib/action_dispatch/middleware/show_exceptions.rb:30:in `call'
  railties (4.2.1) lib/rails/rack/logger.rb:38:in `call_app'
  railties (4.2.1) lib/rails/rack/logger.rb:20:in `block in call'
  activesupport (4.2.1) lib/active_support/tagged_logging.rb:68:in `block in tagged'
  activesupport (4.2.1) lib/active_support/tagged_logging.rb:26:in `tagged'
  activesupport (4.2.1) lib/active_support/tagged_logging.rb:68:in `tagged'
  railties (4.2.1) lib/rails/rack/logger.rb:20:in `call'
  actionpack (4.2.1) lib/action_dispatch/middleware/request_id.rb:21:in `call'
  rack (1.6.4) lib/rack/methodoverride.rb:22:in `call'
  rack (1.6.4) lib/rack/runtime.rb:18:in `call'
  activesupport (4.2.1) lib/active_support/cache/strategy/local_cache_middleware.rb:28:in `call'
  actionpack (4.2.1) lib/action_dispatch/middleware/static.rb:113:in `call'
  rack (1.6.4) lib/rack/sendfile.rb:113:in `call'
  railties (4.2.1) lib/rails/engine.rb:518:in `call'
  railties (4.2.1) lib/rails/application.rb:164:in `call'
  thin (1.6.3) lib/thin/connection.rb:86:in `block in pre_process'
  thin (1.6.3) lib/thin/connection.rb:84:in `catch'
  thin (1.6.3) lib/thin/connection.rb:84:in `pre_process'
  thin (1.6.3) lib/thin/connection.rb:53:in `process'
  faye-websocket (0.10.0) lib/faye/adapters/thin.rb:40:in `process'
  thin (1.6.3) lib/thin/connection.rb:39:in `receive_data'
  faye-websocket (0.10.0) lib/faye/adapters/thin.rb:44:in `receive_data'
  eventmachine (1.0.7) lib/eventmachine.rb:187:in `run_machine'
  eventmachine (1.0.7) lib/eventmachine.rb:187:in `run'
  thin (1.6.3) lib/thin/backends/base.rb:73:in `start'
  thin (1.6.3) lib/thin/server.rb:162:in `start'
  thin (1.6.3) lib/thin/controllers/controller.rb:87:in `start'
  /home/vknt/.rbenv/versions/2.2.2/lib/ruby/gems/2.2.0/bundler/gems/websocket-rails-712fd4e35325/lib/rails/tasks/websocket_rails.tasks:14:in `block (3 levels) in <top (required)>'
  /home/vknt/.rbenv/versions/2.2.2/lib/ruby/gems/2.2.0/bundler/gems/websocket-rails-712fd4e35325/lib/rails/tasks/websocket_rails.tasks:13:in `fork'
  /home/vknt/.rbenv/versions/2.2.2/lib/ruby/gems/2.2.0/bundler/gems/websocket-rails-712fd4e35325/lib/rails/tasks/websocket_rails.tasks:13:in `block (2 levels) in <top (required)>'
  /home/vknt/.rbenv/versions/2.2.2/lib/ruby/2.2.0/rake/task.rb:240:in `call'
  /home/vknt/.rbenv/versions/2.2.2/lib/ruby/2.2.0/rake/task.rb:240:in `block in execute'
  /home/vknt/.rbenv/versions/2.2.2/lib/ruby/2.2.0/rake/task.rb:235:in `each'
  /home/vknt/.rbenv/versions/2.2.2/lib/ruby/2.2.0/rake/task.rb:235:in `execute'
  /home/vknt/.rbenv/versions/2.2.2/lib/ruby/2.2.0/rake/task.rb:179:in `block in invoke_with_call_chain'
  /home/vknt/.rbenv/versions/2.2.2/lib/ruby/2.2.0/monitor.rb:211:in `mon_synchronize'
  /home/vknt/.rbenv/versions/2.2.2/lib/ruby/2.2.0/rake/task.rb:172:in `invoke_with_call_chain'
  /home/vknt/.rbenv/versions/2.2.2/lib/ruby/2.2.0/rake/task.rb:165:in `invoke'
  /home/vknt/.rbenv/versions/2.2.2/lib/ruby/2.2.0/rake/application.rb:150:in `invoke_task'
  /home/vknt/.rbenv/versions/2.2.2/lib/ruby/2.2.0/rake/application.rb:106:in `block (2 levels) in top_level'
  /home/vknt/.rbenv/versions/2.2.2/lib/ruby/2.2.0/rake/application.rb:106:in `each'
  /home/vknt/.rbenv/versions/2.2.2/lib/ruby/2.2.0/rake/application.rb:106:in `block in top_level'
  /home/vknt/.rbenv/versions/2.2.2/lib/ruby/2.2.0/rake/application.rb:115:in `run_with_threads'
  /home/vknt/.rbenv/versions/2.2.2/lib/ruby/2.2.0/rake/application.rb:100:in `top_level'
  /home/vknt/.rbenv/versions/2.2.2/lib/ruby/2.2.0/rake/application.rb:78:in `block in run'
  /home/vknt/.rbenv/versions/2.2.2/lib/ruby/2.2.0/rake/application.rb:176:in `standard_exception_handling'
  /home/vknt/.rbenv/versions/2.2.2/lib/ruby/2.2.0/rake/application.rb:75:in `run'
  /home/vknt/.rbenv/versions/2.2.2/bin/rake:33:in `<main>'


  Rendered /home/vknt/.rbenv/versions/2.2.2/lib/ruby/gems/2.2.0/gems/actionpack-4.2.1/lib/action_dispatch/middleware/templates/rescues/_source.erb (3.1ms)
  Rendered /home/vknt/.rbenv/versions/2.2.2/lib/ruby/gems/2.2.0/gems/actionpack-4.2.1/lib/action_dispatch/middleware/templates/rescues/_trace.html.erb (1.5ms)
  Rendered /home/vknt/.rbenv/versions/2.2.2/lib/ruby/gems/2.2.0/gems/actionpack-4.2.1/lib/action_dispatch/middleware/templates/rescues/_request_and_response.html.erb (0.7ms)
  Rendered /home/vknt/.rbenv/versions/2.2.2/lib/ruby/gems/2.2.0/gems/actionpack-4.2.1/lib/action_dispatch/middleware/templates/rescues/diagnostics.html.erb within rescues/layout (16.0ms)


Started GET "/websocket" for 192.168.0.10 at 2015-08-08 12:50:48 +0700

ActiveRecord::PendingMigrationError (

Migrations are pending. To resolve this issue, run:

	bin/rake db:migrate RAILS_ENV=development

):
  activerecord (4.2.1) lib/active_record/migration.rb:393:in `check_pending!'
  activerecord (4.2.1) lib/active_record/migration.rb:374:in `call'
  actionpack (4.2.1) lib/action_dispatch/middleware/callbacks.rb:29:in `block in call'
  activesupport (4.2.1) lib/active_support/callbacks.rb:88:in `call'
  activesupport (4.2.1) lib/active_support/callbacks.rb:88:in `_run_callbacks'
  activesupport (4.2.1) lib/active_support/callbacks.rb:776:in `_run_call_callbacks'
  activesupport (4.2.1) lib/active_support/callbacks.rb:81:in `run_callbacks'
  actionpack (4.2.1) lib/action_dispatch/middleware/callbacks.rb:27:in `call'
  actionpack (4.2.1) lib/action_dispatch/middleware/reloader.rb:73:in `call'
  actionpack (4.2.1) lib/action_dispatch/middleware/remote_ip.rb:78:in `call'
  actionpack (4.2.1) lib/action_dispatch/middleware/debug_exceptions.rb:17:in `call'
  actionpack (4.2.1) lib/action_dispatch/middleware/show_exceptions.rb:30:in `call'
  railties (4.2.1) lib/rails/rack/logger.rb:38:in `call_app'
  railties (4.2.1) lib/rails/rack/logger.rb:20:in `block in call'
  activesupport (4.2.1) lib/active_support/tagged_logging.rb:68:in `block in tagged'
  activesupport (4.2.1) lib/active_support/tagged_logging.rb:26:in `tagged'
  activesupport (4.2.1) lib/active_support/tagged_logging.rb:68:in `tagged'
  railties (4.2.1) lib/rails/rack/logger.rb:20:in `call'
  actionpack (4.2.1) lib/action_dispatch/middleware/request_id.rb:21:in `call'
  rack (1.6.4) lib/rack/methodoverride.rb:22:in `call'
  rack (1.6.4) lib/rack/runtime.rb:18:in `call'
  activesupport (4.2.1) lib/active_support/cache/strategy/local_cache_middleware.rb:28:in `call'
  actionpack (4.2.1) lib/action_dispatch/middleware/static.rb:113:in `call'
  rack (1.6.4) lib/rack/sendfile.rb:113:in `call'
  railties (4.2.1) lib/rails/engine.rb:518:in `call'
  railties (4.2.1) lib/rails/application.rb:164:in `call'
  thin (1.6.3) lib/thin/connection.rb:86:in `block in pre_process'
  thin (1.6.3) lib/thin/connection.rb:84:in `catch'
  thin (1.6.3) lib/thin/connection.rb:84:in `pre_process'
  thin (1.6.3) lib/thin/connection.rb:53:in `process'
  faye-websocket (0.10.0) lib/faye/adapters/thin.rb:40:in `process'
  thin (1.6.3) lib/thin/connection.rb:39:in `receive_data'
  faye-websocket (0.10.0) lib/faye/adapters/thin.rb:44:in `receive_data'
  eventmachine (1.0.7) lib/eventmachine.rb:187:in `run_machine'
  eventmachine (1.0.7) lib/eventmachine.rb:187:in `run'
  thin (1.6.3) lib/thin/backends/base.rb:73:in `start'
  thin (1.6.3) lib/thin/server.rb:162:in `start'
  thin (1.6.3) lib/thin/controllers/controller.rb:87:in `start'
  /home/vknt/.rbenv/versions/2.2.2/lib/ruby/gems/2.2.0/bundler/gems/websocket-rails-712fd4e35325/lib/rails/tasks/websocket_rails.tasks:14:in `block (3 levels) in <top (required)>'
  /home/vknt/.rbenv/versions/2.2.2/lib/ruby/gems/2.2.0/bundler/gems/websocket-rails-712fd4e35325/lib/rails/tasks/websocket_rails.tasks:13:in `fork'
  /home/vknt/.rbenv/versions/2.2.2/lib/ruby/gems/2.2.0/bundler/gems/websocket-rails-712fd4e35325/lib/rails/tasks/websocket_rails.tasks:13:in `block (2 levels) in <top (required)>'
  /home/vknt/.rbenv/versions/2.2.2/lib/ruby/2.2.0/rake/task.rb:240:in `call'
  /home/vknt/.rbenv/versions/2.2.2/lib/ruby/2.2.0/rake/task.rb:240:in `block in execute'
  /home/vknt/.rbenv/versions/2.2.2/lib/ruby/2.2.0/rake/task.rb:235:in `each'
  /home/vknt/.rbenv/versions/2.2.2/lib/ruby/2.2.0/rake/task.rb:235:in `execute'
  /home/vknt/.rbenv/versions/2.2.2/lib/ruby/2.2.0/rake/task.rb:179:in `block in invoke_with_call_chain'
  /home/vknt/.rbenv/versions/2.2.2/lib/ruby/2.2.0/monitor.rb:211:in `mon_synchronize'
  /home/vknt/.rbenv/versions/2.2.2/lib/ruby/2.2.0/rake/task.rb:172:in `invoke_with_call_chain'
  /home/vknt/.rbenv/versions/2.2.2/lib/ruby/2.2.0/rake/task.rb:165:in `invoke'
  /home/vknt/.rbenv/versions/2.2.2/lib/ruby/2.2.0/rake/application.rb:150:in `invoke_task'
  /home/vknt/.rbenv/versions/2.2.2/lib/ruby/2.2.0/rake/application.rb:106:in `block (2 levels) in top_level'
  /home/vknt/.rbenv/versions/2.2.2/lib/ruby/2.2.0/rake/application.rb:106:in `each'
  /home/vknt/.rbenv/versions/2.2.2/lib/ruby/2.2.0/rake/application.rb:106:in `block in top_level'
  /home/vknt/.rbenv/versions/2.2.2/lib/ruby/2.2.0/rake/application.rb:115:in `run_with_threads'
  /home/vknt/.rbenv/versions/2.2.2/lib/ruby/2.2.0/rake/application.rb:100:in `top_level'
  /home/vknt/.rbenv/versions/2.2.2/lib/ruby/2.2.0/rake/application.rb:78:in `block in run'
  /home/vknt/.rbenv/versions/2.2.2/lib/ruby/2.2.0/rake/application.rb:176:in `standard_exception_handling'
  /home/vknt/.rbenv/versions/2.2.2/lib/ruby/2.2.0/rake/application.rb:75:in `run'
  /home/vknt/.rbenv/versions/2.2.2/bin/rake:33:in `<main>'


  Rendered /home/vknt/.rbenv/versions/2.2.2/lib/ruby/gems/2.2.0/gems/actionpack-4.2.1/lib/action_dispatch/middleware/templates/rescues/_source.erb (3.2ms)
  Rendered /home/vknt/.rbenv/versions/2.2.2/lib/ruby/gems/2.2.0/gems/actionpack-4.2.1/lib/action_dispatch/middleware/templates/rescues/_trace.html.erb (1.6ms)
  Rendered /home/vknt/.rbenv/versions/2.2.2/lib/ruby/gems/2.2.0/gems/actionpack-4.2.1/lib/action_dispatch/middleware/templates/rescues/_request_and_response.html.erb (0.7ms)
  Rendered /home/vknt/.rbenv/versions/2.2.2/lib/ruby/gems/2.2.0/gems/actionpack-4.2.1/lib/action_dispatch/middleware/templates/rescues/diagnostics.html.erb within rescues/layout (16.4ms)


Started GET "/websocket" for 192.168.0.10 at 2015-08-08 12:50:52 +0700

ActiveRecord::PendingMigrationError (

Migrations are pending. To resolve this issue, run:

	bin/rake db:migrate RAILS_ENV=development

):
  activerecord (4.2.1) lib/active_record/migration.rb:393:in `check_pending!'
  activerecord (4.2.1) lib/active_record/migration.rb:374:in `call'
  actionpack (4.2.1) lib/action_dispatch/middleware/callbacks.rb:29:in `block in call'
  activesupport (4.2.1) lib/active_support/callbacks.rb:88:in `call'
  activesupport (4.2.1) lib/active_support/callbacks.rb:88:in `_run_callbacks'
  activesupport (4.2.1) lib/active_support/callbacks.rb:776:in `_run_call_callbacks'
  activesupport (4.2.1) lib/active_support/callbacks.rb:81:in `run_callbacks'
  actionpack (4.2.1) lib/action_dispatch/middleware/callbacks.rb:27:in `call'
  actionpack (4.2.1) lib/action_dispatch/middleware/reloader.rb:73:in `call'
  actionpack (4.2.1) lib/action_dispatch/middleware/remote_ip.rb:78:in `call'
  actionpack (4.2.1) lib/action_dispatch/middleware/debug_exceptions.rb:17:in `call'
  actionpack (4.2.1) lib/action_dispatch/middleware/show_exceptions.rb:30:in `call'
  railties (4.2.1) lib/rails/rack/logger.rb:38:in `call_app'
  railties (4.2.1) lib/rails/rack/logger.rb:20:in `block in call'
  activesupport (4.2.1) lib/active_support/tagged_logging.rb:68:in `block in tagged'
  activesupport (4.2.1) lib/active_support/tagged_logging.rb:26:in `tagged'
  activesupport (4.2.1) lib/active_support/tagged_logging.rb:68:in `tagged'
  railties (4.2.1) lib/rails/rack/logger.rb:20:in `call'
  actionpack (4.2.1) lib/action_dispatch/middleware/request_id.rb:21:in `call'
  rack (1.6.4) lib/rack/methodoverride.rb:22:in `call'
  rack (1.6.4) lib/rack/runtime.rb:18:in `call'
  activesupport (4.2.1) lib/active_support/cache/strategy/local_cache_middleware.rb:28:in `call'
  actionpack (4.2.1) lib/action_dispatch/middleware/static.rb:113:in `call'
  rack (1.6.4) lib/rack/sendfile.rb:113:in `call'
  railties (4.2.1) lib/rails/engine.rb:518:in `call'
  railties (4.2.1) lib/rails/application.rb:164:in `call'
  thin (1.6.3) lib/thin/connection.rb:86:in `block in pre_process'
  thin (1.6.3) lib/thin/connection.rb:84:in `catch'
  thin (1.6.3) lib/thin/connection.rb:84:in `pre_process'
  thin (1.6.3) lib/thin/connection.rb:53:in `process'
  faye-websocket (0.10.0) lib/faye/adapters/thin.rb:40:in `process'
  thin (1.6.3) lib/thin/connection.rb:39:in `receive_data'
  faye-websocket (0.10.0) lib/faye/adapters/thin.rb:44:in `receive_data'
  eventmachine (1.0.7) lib/eventmachine.rb:187:in `run_machine'
  eventmachine (1.0.7) lib/eventmachine.rb:187:in `run'
  thin (1.6.3) lib/thin/backends/base.rb:73:in `start'
  thin (1.6.3) lib/thin/server.rb:162:in `start'
  thin (1.6.3) lib/thin/controllers/controller.rb:87:in `start'
  /home/vknt/.rbenv/versions/2.2.2/lib/ruby/gems/2.2.0/bundler/gems/websocket-rails-712fd4e35325/lib/rails/tasks/websocket_rails.tasks:14:in `block (3 levels) in <top (required)>'
  /home/vknt/.rbenv/versions/2.2.2/lib/ruby/gems/2.2.0/bundler/gems/websocket-rails-712fd4e35325/lib/rails/tasks/websocket_rails.tasks:13:in `fork'
  /home/vknt/.rbenv/versions/2.2.2/lib/ruby/gems/2.2.0/bundler/gems/websocket-rails-712fd4e35325/lib/rails/tasks/websocket_rails.tasks:13:in `block (2 levels) in <top (required)>'
  /home/vknt/.rbenv/versions/2.2.2/lib/ruby/2.2.0/rake/task.rb:240:in `call'
  /home/vknt/.rbenv/versions/2.2.2/lib/ruby/2.2.0/rake/task.rb:240:in `block in execute'
  /home/vknt/.rbenv/versions/2.2.2/lib/ruby/2.2.0/rake/task.rb:235:in `each'
  /home/vknt/.rbenv/versions/2.2.2/lib/ruby/2.2.0/rake/task.rb:235:in `execute'
  /home/vknt/.rbenv/versions/2.2.2/lib/ruby/2.2.0/rake/task.rb:179:in `block in invoke_with_call_chain'
  /home/vknt/.rbenv/versions/2.2.2/lib/ruby/2.2.0/monitor.rb:211:in `mon_synchronize'
  /home/vknt/.rbenv/versions/2.2.2/lib/ruby/2.2.0/rake/task.rb:172:in `invoke_with_call_chain'
  /home/vknt/.rbenv/versions/2.2.2/lib/ruby/2.2.0/rake/task.rb:165:in `invoke'
  /home/vknt/.rbenv/versions/2.2.2/lib/ruby/2.2.0/rake/application.rb:150:in `invoke_task'
  /home/vknt/.rbenv/versions/2.2.2/lib/ruby/2.2.0/rake/application.rb:106:in `block (2 levels) in top_level'
  /home/vknt/.rbenv/versions/2.2.2/lib/ruby/2.2.0/rake/application.rb:106:in `each'
  /home/vknt/.rbenv/versions/2.2.2/lib/ruby/2.2.0/rake/application.rb:106:in `block in top_level'
  /home/vknt/.rbenv/versions/2.2.2/lib/ruby/2.2.0/rake/application.rb:115:in `run_with_threads'
  /home/vknt/.rbenv/versions/2.2.2/lib/ruby/2.2.0/rake/application.rb:100:in `top_level'
  /home/vknt/.rbenv/versions/2.2.2/lib/ruby/2.2.0/rake/application.rb:78:in `block in run'
  /home/vknt/.rbenv/versions/2.2.2/lib/ruby/2.2.0/rake/application.rb:176:in `standard_exception_handling'
  /home/vknt/.rbenv/versions/2.2.2/lib/ruby/2.2.0/rake/application.rb:75:in `run'
  /home/vknt/.rbenv/versions/2.2.2/bin/rake:33:in `<main>'


  Rendered /home/vknt/.rbenv/versions/2.2.2/lib/ruby/gems/2.2.0/gems/actionpack-4.2.1/lib/action_dispatch/middleware/templates/rescues/_source.erb (2.8ms)
  Rendered /home/vknt/.rbenv/versions/2.2.2/lib/ruby/gems/2.2.0/gems/actionpack-4.2.1/lib/action_dispatch/middleware/templates/rescues/_trace.html.erb (1.4ms)
  Rendered /home/vknt/.rbenv/versions/2.2.2/lib/ruby/gems/2.2.0/gems/actionpack-4.2.1/lib/action_dispatch/middleware/templates/rescues/_request_and_response.html.erb (0.6ms)
  Rendered /home/vknt/.rbenv/versions/2.2.2/lib/ruby/gems/2.2.0/gems/actionpack-4.2.1/lib/action_dispatch/middleware/templates/rescues/diagnostics.html.erb within rescues/layout (15.4ms)


Started GET "/websocket" for 192.168.0.10 at 2015-08-08 12:51:43 +0700

ActiveRecord::PendingMigrationError (

Migrations are pending. To resolve this issue, run:

	bin/rake db:migrate RAILS_ENV=development

):
  activerecord (4.2.1) lib/active_record/migration.rb:393:in `check_pending!'
  activerecord (4.2.1) lib/active_record/migration.rb:374:in `call'
  actionpack (4.2.1) lib/action_dispatch/middleware/callbacks.rb:29:in `block in call'
  activesupport (4.2.1) lib/active_support/callbacks.rb:88:in `call'
  activesupport (4.2.1) lib/active_support/callbacks.rb:88:in `_run_callbacks'
  activesupport (4.2.1) lib/active_support/callbacks.rb:776:in `_run_call_callbacks'
  activesupport (4.2.1) lib/active_support/callbacks.rb:81:in `run_callbacks'
  actionpack (4.2.1) lib/action_dispatch/middleware/callbacks.rb:27:in `call'
  actionpack (4.2.1) lib/action_dispatch/middleware/reloader.rb:73:in `call'
  actionpack (4.2.1) lib/action_dispatch/middleware/remote_ip.rb:78:in `call'
  actionpack (4.2.1) lib/action_dispatch/middleware/debug_exceptions.rb:17:in `call'
  actionpack (4.2.1) lib/action_dispatch/middleware/show_exceptions.rb:30:in `call'
  railties (4.2.1) lib/rails/rack/logger.rb:38:in `call_app'
  railties (4.2.1) lib/rails/rack/logger.rb:20:in `block in call'
  activesupport (4.2.1) lib/active_support/tagged_logging.rb:68:in `block in tagged'
  activesupport (4.2.1) lib/active_support/tagged_logging.rb:26:in `tagged'
  activesupport (4.2.1) lib/active_support/tagged_logging.rb:68:in `tagged'
  railties (4.2.1) lib/rails/rack/logger.rb:20:in `call'
  actionpack (4.2.1) lib/action_dispatch/middleware/request_id.rb:21:in `call'
  rack (1.6.4) lib/rack/methodoverride.rb:22:in `call'
  rack (1.6.4) lib/rack/runtime.rb:18:in `call'
  activesupport (4.2.1) lib/active_support/cache/strategy/local_cache_middleware.rb:28:in `call'
  actionpack (4.2.1) lib/action_dispatch/middleware/static.rb:113:in `call'
  rack (1.6.4) lib/rack/sendfile.rb:113:in `call'
  railties (4.2.1) lib/rails/engine.rb:518:in `call'
  railties (4.2.1) lib/rails/application.rb:164:in `call'
  thin (1.6.3) lib/thin/connection.rb:86:in `block in pre_process'
  thin (1.6.3) lib/thin/connection.rb:84:in `catch'
  thin (1.6.3) lib/thin/connection.rb:84:in `pre_process'
  thin (1.6.3) lib/thin/connection.rb:53:in `process'
  faye-websocket (0.10.0) lib/faye/adapters/thin.rb:40:in `process'
  thin (1.6.3) lib/thin/connection.rb:39:in `receive_data'
  faye-websocket (0.10.0) lib/faye/adapters/thin.rb:44:in `receive_data'
  eventmachine (1.0.7) lib/eventmachine.rb:187:in `run_machine'
  eventmachine (1.0.7) lib/eventmachine.rb:187:in `run'
  thin (1.6.3) lib/thin/backends/base.rb:73:in `start'
  thin (1.6.3) lib/thin/server.rb:162:in `start'
  thin (1.6.3) lib/thin/controllers/controller.rb:87:in `start'
  /home/vknt/.rbenv/versions/2.2.2/lib/ruby/gems/2.2.0/bundler/gems/websocket-rails-712fd4e35325/lib/rails/tasks/websocket_rails.tasks:14:in `block (3 levels) in <top (required)>'
  /home/vknt/.rbenv/versions/2.2.2/lib/ruby/gems/2.2.0/bundler/gems/websocket-rails-712fd4e35325/lib/rails/tasks/websocket_rails.tasks:13:in `fork'
  /home/vknt/.rbenv/versions/2.2.2/lib/ruby/gems/2.2.0/bundler/gems/websocket-rails-712fd4e35325/lib/rails/tasks/websocket_rails.tasks:13:in `block (2 levels) in <top (required)>'
  /home/vknt/.rbenv/versions/2.2.2/lib/ruby/2.2.0/rake/task.rb:240:in `call'
  /home/vknt/.rbenv/versions/2.2.2/lib/ruby/2.2.0/rake/task.rb:240:in `block in execute'
  /home/vknt/.rbenv/versions/2.2.2/lib/ruby/2.2.0/rake/task.rb:235:in `each'
  /home/vknt/.rbenv/versions/2.2.2/lib/ruby/2.2.0/rake/task.rb:235:in `execute'
  /home/vknt/.rbenv/versions/2.2.2/lib/ruby/2.2.0/rake/task.rb:179:in `block in invoke_with_call_chain'
  /home/vknt/.rbenv/versions/2.2.2/lib/ruby/2.2.0/monitor.rb:211:in `mon_synchronize'
  /home/vknt/.rbenv/versions/2.2.2/lib/ruby/2.2.0/rake/task.rb:172:in `invoke_with_call_chain'
  /home/vknt/.rbenv/versions/2.2.2/lib/ruby/2.2.0/rake/task.rb:165:in `invoke'
  /home/vknt/.rbenv/versions/2.2.2/lib/ruby/2.2.0/rake/application.rb:150:in `invoke_task'
  /home/vknt/.rbenv/versions/2.2.2/lib/ruby/2.2.0/rake/application.rb:106:in `block (2 levels) in top_level'
  /home/vknt/.rbenv/versions/2.2.2/lib/ruby/2.2.0/rake/application.rb:106:in `each'
  /home/vknt/.rbenv/versions/2.2.2/lib/ruby/2.2.0/rake/application.rb:106:in `block in top_level'
  /home/vknt/.rbenv/versions/2.2.2/lib/ruby/2.2.0/rake/application.rb:115:in `run_with_threads'
  /home/vknt/.rbenv/versions/2.2.2/lib/ruby/2.2.0/rake/application.rb:100:in `top_level'
  /home/vknt/.rbenv/versions/2.2.2/lib/ruby/2.2.0/rake/application.rb:78:in `block in run'
  /home/vknt/.rbenv/versions/2.2.2/lib/ruby/2.2.0/rake/application.rb:176:in `standard_exception_handling'
  /home/vknt/.rbenv/versions/2.2.2/lib/ruby/2.2.0/rake/application.rb:75:in `run'
  /home/vknt/.rbenv/versions/2.2.2/bin/rake:33:in `<main>'


  Rendered /home/vknt/.rbenv/versions/2.2.2/lib/ruby/gems/2.2.0/gems/actionpack-4.2.1/lib/action_dispatch/middleware/templates/rescues/_source.erb (3.2ms)
  Rendered /home/vknt/.rbenv/versions/2.2.2/lib/ruby/gems/2.2.0/gems/actionpack-4.2.1/lib/action_dispatch/middleware/templates/rescues/_trace.html.erb (1.5ms)
  Rendered /home/vknt/.rbenv/versions/2.2.2/lib/ruby/gems/2.2.0/gems/actionpack-4.2.1/lib/action_dispatch/middleware/templates/rescues/_request_and_response.html.erb (0.7ms)
  Rendered /home/vknt/.rbenv/versions/2.2.2/lib/ruby/gems/2.2.0/gems/actionpack-4.2.1/lib/action_dispatch/middleware/templates/rescues/diagnostics.html.erb within rescues/layout (17.1ms)


Started GET "/websocket" for 192.168.0.10 at 2015-08-08 12:51:58 +0700

ActiveRecord::PendingMigrationError (

Migrations are pending. To resolve this issue, run:

	bin/rake db:migrate RAILS_ENV=development

):
  activerecord (4.2.1) lib/active_record/migration.rb:393:in `check_pending!'
  activerecord (4.2.1) lib/active_record/migration.rb:374:in `call'
  actionpack (4.2.1) lib/action_dispatch/middleware/callbacks.rb:29:in `block in call'
  activesupport (4.2.1) lib/active_support/callbacks.rb:88:in `call'
  activesupport (4.2.1) lib/active_support/callbacks.rb:88:in `_run_callbacks'
  activesupport (4.2.1) lib/active_support/callbacks.rb:776:in `_run_call_callbacks'
  activesupport (4.2.1) lib/active_support/callbacks.rb:81:in `run_callbacks'
  actionpack (4.2.1) lib/action_dispatch/middleware/callbacks.rb:27:in `call'
  actionpack (4.2.1) lib/action_dispatch/middleware/reloader.rb:73:in `call'
  actionpack (4.2.1) lib/action_dispatch/middleware/remote_ip.rb:78:in `call'
  actionpack (4.2.1) lib/action_dispatch/middleware/debug_exceptions.rb:17:in `call'
  actionpack (4.2.1) lib/action_dispatch/middleware/show_exceptions.rb:30:in `call'
  railties (4.2.1) lib/rails/rack/logger.rb:38:in `call_app'
  railties (4.2.1) lib/rails/rack/logger.rb:20:in `block in call'
  activesupport (4.2.1) lib/active_support/tagged_logging.rb:68:in `block in tagged'
  activesupport (4.2.1) lib/active_support/tagged_logging.rb:26:in `tagged'
  activesupport (4.2.1) lib/active_support/tagged_logging.rb:68:in `tagged'
  railties (4.2.1) lib/rails/rack/logger.rb:20:in `call'
  actionpack (4.2.1) lib/action_dispatch/middleware/request_id.rb:21:in `call'
  rack (1.6.4) lib/rack/methodoverride.rb:22:in `call'
  rack (1.6.4) lib/rack/runtime.rb:18:in `call'
  activesupport (4.2.1) lib/active_support/cache/strategy/local_cache_middleware.rb:28:in `call'
  actionpack (4.2.1) lib/action_dispatch/middleware/static.rb:113:in `call'
  rack (1.6.4) lib/rack/sendfile.rb:113:in `call'
  railties (4.2.1) lib/rails/engine.rb:518:in `call'
  railties (4.2.1) lib/rails/application.rb:164:in `call'
  thin (1.6.3) lib/thin/connection.rb:86:in `block in pre_process'
  thin (1.6.3) lib/thin/connection.rb:84:in `catch'
  thin (1.6.3) lib/thin/connection.rb:84:in `pre_process'
  thin (1.6.3) lib/thin/connection.rb:53:in `process'
  faye-websocket (0.10.0) lib/faye/adapters/thin.rb:40:in `process'
  thin (1.6.3) lib/thin/connection.rb:39:in `receive_data'
  faye-websocket (0.10.0) lib/faye/adapters/thin.rb:44:in `receive_data'
  eventmachine (1.0.7) lib/eventmachine.rb:187:in `run_machine'
  eventmachine (1.0.7) lib/eventmachine.rb:187:in `run'
  thin (1.6.3) lib/thin/backends/base.rb:73:in `start'
  thin (1.6.3) lib/thin/server.rb:162:in `start'
  thin (1.6.3) lib/thin/controllers/controller.rb:87:in `start'
  /home/vknt/.rbenv/versions/2.2.2/lib/ruby/gems/2.2.0/bundler/gems/websocket-rails-712fd4e35325/lib/rails/tasks/websocket_rails.tasks:14:in `block (3 levels) in <top (required)>'
  /home/vknt/.rbenv/versions/2.2.2/lib/ruby/gems/2.2.0/bundler/gems/websocket-rails-712fd4e35325/lib/rails/tasks/websocket_rails.tasks:13:in `fork'
  /home/vknt/.rbenv/versions/2.2.2/lib/ruby/gems/2.2.0/bundler/gems/websocket-rails-712fd4e35325/lib/rails/tasks/websocket_rails.tasks:13:in `block (2 levels) in <top (required)>'
  /home/vknt/.rbenv/versions/2.2.2/lib/ruby/2.2.0/rake/task.rb:240:in `call'
  /home/vknt/.rbenv/versions/2.2.2/lib/ruby/2.2.0/rake/task.rb:240:in `block in execute'
  /home/vknt/.rbenv/versions/2.2.2/lib/ruby/2.2.0/rake/task.rb:235:in `each'
  /home/vknt/.rbenv/versions/2.2.2/lib/ruby/2.2.0/rake/task.rb:235:in `execute'
  /home/vknt/.rbenv/versions/2.2.2/lib/ruby/2.2.0/rake/task.rb:179:in `block in invoke_with_call_chain'
  /home/vknt/.rbenv/versions/2.2.2/lib/ruby/2.2.0/monitor.rb:211:in `mon_synchronize'
  /home/vknt/.rbenv/versions/2.2.2/lib/ruby/2.2.0/rake/task.rb:172:in `invoke_with_call_chain'
  /home/vknt/.rbenv/versions/2.2.2/lib/ruby/2.2.0/rake/task.rb:165:in `invoke'
  /home/vknt/.rbenv/versions/2.2.2/lib/ruby/2.2.0/rake/application.rb:150:in `invoke_task'
  /home/vknt/.rbenv/versions/2.2.2/lib/ruby/2.2.0/rake/application.rb:106:in `block (2 levels) in top_level'
  /home/vknt/.rbenv/versions/2.2.2/lib/ruby/2.2.0/rake/application.rb:106:in `each'
  /home/vknt/.rbenv/versions/2.2.2/lib/ruby/2.2.0/rake/application.rb:106:in `block in top_level'
  /home/vknt/.rbenv/versions/2.2.2/lib/ruby/2.2.0/rake/application.rb:115:in `run_with_threads'
  /home/vknt/.rbenv/versions/2.2.2/lib/ruby/2.2.0/rake/application.rb:100:in `top_level'
  /home/vknt/.rbenv/versions/2.2.2/lib/ruby/2.2.0/rake/application.rb:78:in `block in run'
  /home/vknt/.rbenv/versions/2.2.2/lib/ruby/2.2.0/rake/application.rb:176:in `standard_exception_handling'
  /home/vknt/.rbenv/versions/2.2.2/lib/ruby/2.2.0/rake/application.rb:75:in `run'
  /home/vknt/.rbenv/versions/2.2.2/bin/rake:33:in `<main>'


  Rendered /home/vknt/.rbenv/versions/2.2.2/lib/ruby/gems/2.2.0/gems/actionpack-4.2.1/lib/action_dispatch/middleware/templates/rescues/_source.erb (3.2ms)
  Rendered /home/vknt/.rbenv/versions/2.2.2/lib/ruby/gems/2.2.0/gems/actionpack-4.2.1/lib/action_dispatch/middleware/templates/rescues/_trace.html.erb (1.6ms)
  Rendered /home/vknt/.rbenv/versions/2.2.2/lib/ruby/gems/2.2.0/gems/actionpack-4.2.1/lib/action_dispatch/middleware/templates/rescues/_request_and_response.html.erb (0.8ms)
  Rendered /home/vknt/.rbenv/versions/2.2.2/lib/ruby/gems/2.2.0/gems/actionpack-4.2.1/lib/action_dispatch/middleware/templates/rescues/diagnostics.html.erb within rescues/layout (16.8ms)


Started GET "/websocket" for 192.168.0.10 at 2015-08-08 12:51:59 +0700

ActiveRecord::PendingMigrationError (

Migrations are pending. To resolve this issue, run:

	bin/rake db:migrate RAILS_ENV=development

):
  activerecord (4.2.1) lib/active_record/migration.rb:393:in `check_pending!'
  activerecord (4.2.1) lib/active_record/migration.rb:374:in `call'
  actionpack (4.2.1) lib/action_dispatch/middleware/callbacks.rb:29:in `block in call'
  activesupport (4.2.1) lib/active_support/callbacks.rb:88:in `call'
  activesupport (4.2.1) lib/active_support/callbacks.rb:88:in `_run_callbacks'
  activesupport (4.2.1) lib/active_support/callbacks.rb:776:in `_run_call_callbacks'
  activesupport (4.2.1) lib/active_support/callbacks.rb:81:in `run_callbacks'
  actionpack (4.2.1) lib/action_dispatch/middleware/callbacks.rb:27:in `call'
  actionpack (4.2.1) lib/action_dispatch/middleware/reloader.rb:73:in `call'
  actionpack (4.2.1) lib/action_dispatch/middleware/remote_ip.rb:78:in `call'
  actionpack (4.2.1) lib/action_dispatch/middleware/debug_exceptions.rb:17:in `call'
  actionpack (4.2.1) lib/action_dispatch/middleware/show_exceptions.rb:30:in `call'
  railties (4.2.1) lib/rails/rack/logger.rb:38:in `call_app'
  railties (4.2.1) lib/rails/rack/logger.rb:20:in `block in call'
  activesupport (4.2.1) lib/active_support/tagged_logging.rb:68:in `block in tagged'
  activesupport (4.2.1) lib/active_support/tagged_logging.rb:26:in `tagged'
  activesupport (4.2.1) lib/active_support/tagged_logging.rb:68:in `tagged'
  railties (4.2.1) lib/rails/rack/logger.rb:20:in `call'
  actionpack (4.2.1) lib/action_dispatch/middleware/request_id.rb:21:in `call'
  rack (1.6.4) lib/rack/methodoverride.rb:22:in `call'
  rack (1.6.4) lib/rack/runtime.rb:18:in `call'
  activesupport (4.2.1) lib/active_support/cache/strategy/local_cache_middleware.rb:28:in `call'
  actionpack (4.2.1) lib/action_dispatch/middleware/static.rb:113:in `call'
  rack (1.6.4) lib/rack/sendfile.rb:113:in `call'
  railties (4.2.1) lib/rails/engine.rb:518:in `call'
  railties (4.2.1) lib/rails/application.rb:164:in `call'
  thin (1.6.3) lib/thin/connection.rb:86:in `block in pre_process'
  thin (1.6.3) lib/thin/connection.rb:84:in `catch'
  thin (1.6.3) lib/thin/connection.rb:84:in `pre_process'
  thin (1.6.3) lib/thin/connection.rb:53:in `process'
  faye-websocket (0.10.0) lib/faye/adapters/thin.rb:40:in `process'
  thin (1.6.3) lib/thin/connection.rb:39:in `receive_data'
  faye-websocket (0.10.0) lib/faye/adapters/thin.rb:44:in `receive_data'
  eventmachine (1.0.7) lib/eventmachine.rb:187:in `run_machine'
  eventmachine (1.0.7) lib/eventmachine.rb:187:in `run'
  thin (1.6.3) lib/thin/backends/base.rb:73:in `start'
  thin (1.6.3) lib/thin/server.rb:162:in `start'
  thin (1.6.3) lib/thin/controllers/controller.rb:87:in `start'
  /home/vknt/.rbenv/versions/2.2.2/lib/ruby/gems/2.2.0/bundler/gems/websocket-rails-712fd4e35325/lib/rails/tasks/websocket_rails.tasks:14:in `block (3 levels) in <top (required)>'
  /home/vknt/.rbenv/versions/2.2.2/lib/ruby/gems/2.2.0/bundler/gems/websocket-rails-712fd4e35325/lib/rails/tasks/websocket_rails.tasks:13:in `fork'
  /home/vknt/.rbenv/versions/2.2.2/lib/ruby/gems/2.2.0/bundler/gems/websocket-rails-712fd4e35325/lib/rails/tasks/websocket_rails.tasks:13:in `block (2 levels) in <top (required)>'
  /home/vknt/.rbenv/versions/2.2.2/lib/ruby/2.2.0/rake/task.rb:240:in `call'
  /home/vknt/.rbenv/versions/2.2.2/lib/ruby/2.2.0/rake/task.rb:240:in `block in execute'
  /home/vknt/.rbenv/versions/2.2.2/lib/ruby/2.2.0/rake/task.rb:235:in `each'
  /home/vknt/.rbenv/versions/2.2.2/lib/ruby/2.2.0/rake/task.rb:235:in `execute'
  /home/vknt/.rbenv/versions/2.2.2/lib/ruby/2.2.0/rake/task.rb:179:in `block in invoke_with_call_chain'
  /home/vknt/.rbenv/versions/2.2.2/lib/ruby/2.2.0/monitor.rb:211:in `mon_synchronize'
  /home/vknt/.rbenv/versions/2.2.2/lib/ruby/2.2.0/rake/task.rb:172:in `invoke_with_call_chain'
  /home/vknt/.rbenv/versions/2.2.2/lib/ruby/2.2.0/rake/task.rb:165:in `invoke'
  /home/vknt/.rbenv/versions/2.2.2/lib/ruby/2.2.0/rake/application.rb:150:in `invoke_task'
  /home/vknt/.rbenv/versions/2.2.2/lib/ruby/2.2.0/rake/application.rb:106:in `block (2 levels) in top_level'
  /home/vknt/.rbenv/versions/2.2.2/lib/ruby/2.2.0/rake/application.rb:106:in `each'
  /home/vknt/.rbenv/versions/2.2.2/lib/ruby/2.2.0/rake/application.rb:106:in `block in top_level'
  /home/vknt/.rbenv/versions/2.2.2/lib/ruby/2.2.0/rake/application.rb:115:in `run_with_threads'
  /home/vknt/.rbenv/versions/2.2.2/lib/ruby/2.2.0/rake/application.rb:100:in `top_level'
  /home/vknt/.rbenv/versions/2.2.2/lib/ruby/2.2.0/rake/application.rb:78:in `block in run'
  /home/vknt/.rbenv/versions/2.2.2/lib/ruby/2.2.0/rake/application.rb:176:in `standard_exception_handling'
  /home/vknt/.rbenv/versions/2.2.2/lib/ruby/2.2.0/rake/application.rb:75:in `run'
  /home/vknt/.rbenv/versions/2.2.2/bin/rake:33:in `<main>'


  Rendered /home/vknt/.rbenv/versions/2.2.2/lib/ruby/gems/2.2.0/gems/actionpack-4.2.1/lib/action_dispatch/middleware/templates/rescues/_source.erb (3.1ms)
  Rendered /home/vknt/.rbenv/versions/2.2.2/lib/ruby/gems/2.2.0/gems/actionpack-4.2.1/lib/action_dispatch/middleware/templates/rescues/_trace.html.erb (1.5ms)
  Rendered /home/vknt/.rbenv/versions/2.2.2/lib/ruby/gems/2.2.0/gems/actionpack-4.2.1/lib/action_dispatch/middleware/templates/rescues/_request_and_response.html.erb (0.6ms)
  Rendered /home/vknt/.rbenv/versions/2.2.2/lib/ruby/gems/2.2.0/gems/actionpack-4.2.1/lib/action_dispatch/middleware/templates/rescues/diagnostics.html.erb within rescues/layout (15.9ms)
